#
# There is insufficient memory for the Java Runtime Environment to continue.
# Native memory allocation (mmap) failed to map 148373504 bytes for committing reserved memory.
# Possible reasons:
#   The system is out of physical RAM or swap space
#   In 32 bit mode, the process size limit was hit
# Possible solutions:
#   Reduce memory load on the system
#   Increase physical memory or swap space
#   Check if swap backing store is full
#   Use 64 bit Java on a 64 bit OS
#   Decrease Java heap size (-Xmx/-Xms)
#   Decrease number of Java threads
#   Decrease Java thread stack sizes (-Xss)
#   Set larger code cache with -XX:ReservedCodeCacheSize=
# This output file may be truncated or incomplete.
#
#  Out of Memory Error (os_linux.cpp:2640), pid=8679, tid=0x00007f0e3dd65700
#
# JRE version: OpenJDK Runtime Environment (8.0_152-b01) (build 1.8.0_152-release-1248-b01)
# Java VM: OpenJDK 64-Bit Server VM (25.152-b01 mixed mode linux-amd64 compressed oops)
# Failed to write core dump. Core dumps have been disabled. To enable core dumping, try "ulimit -c unlimited" before starting Java again
#

---------------  T H R E A D  ---------------

Current thread (0x00007f0e5c07a000):  VMThread [stack: 0x00007f0e3dc66000,0x00007f0e3dd66000] [id=8686]

Stack: [0x00007f0e3dc66000,0x00007f0e3dd66000],  sp=0x00007f0e3dd64520,  free space=1017k
Native frames: (J=compiled Java code, j=interpreted, Vv=VM code, C=native code)
V  [libjvm.so+0xa70d2f]  VMError::report_and_die()+0x2af
V  [libjvm.so+0x4c7207]  report_vm_out_of_memory(char const*, int, unsigned long, VMErrorType, char const*)+0x67
V  [libjvm.so+0x8b5b60]  os::pd_commit_memory(char*, unsigned long, unsigned long, bool)+0x100
V  [libjvm.so+0x8b077f]  os::commit_memory(char*, unsigned long, unsigned long, bool)+0x1f
V  [libjvm.so+0x92e436]  PSVirtualSpace::expand_by(unsigned long)+0x56
V  [libjvm.so+0x92f6c8]  PSYoungGen::resize(unsigned long, unsigned long)+0xd8
V  [libjvm.so+0x92be56]  PSScavenge::invoke_no_policy()+0x1356
V  [libjvm.so+0x92c1fc]  PSScavenge::invoke()+0x4c
V  [libjvm.so+0x8dbd98]  ParallelScavengeHeap::failed_mem_allocate(unsigned long)+0x68
V  [libjvm.so+0xa72863]  VM_ParallelGCFailedAllocation::doit()+0x93
V  [libjvm.so+0xa77896]  VM_Operation::evaluate()+0x46
V  [libjvm.so+0xa750f2]  VMThread::evaluate_operation(VM_Operation*) [clone .constprop.31]+0xa2
V  [libjvm.so+0xa7651b]  VMThread::loop()+0x37b
V  [libjvm.so+0xa768c8]  VMThread::run()+0x78
V  [libjvm.so+0x8b3322]  java_start(Thread*)+0x102

VM_Operation (0x00007f0dff0f39c0): ParallelGCFailedAllocation, mode: safepoint, requested by thread 0x00007f0e00007800


---------------  P R O C E S S  ---------------

Java Threads: ( => current thread )
  0x00007f0dd8002800 JavaThread "RMI RenewClean-[127.0.0.1:43173,org.jetbrains.kotlin.daemon.common.LoopbackNetworkInterface$ClientLoopbackSocketFactory@45bed7d7]" daemon [_thread_blocked, id=8976, stack(0x00007f0dff6f9000,0x00007f0dff7fa000)]
  0x00007f0e00007800 JavaThread "RMI TCP Connection(12)-127.0.0.1" daemon [_thread_blocked, id=8975, stack(0x00007f0dfeff8000,0x00007f0dff0f9000)]
  0x00007f0e00006000 JavaThread "RMI TCP Connection(9)-127.0.0.1" daemon [_thread_in_native, id=8970, stack(0x00007f0dfdade000,0x00007f0dfdbdf000)]
  0x00007f0e00005000 JavaThread "RMI TCP Connection(10)-127.0.0.1" daemon [_thread_in_native, id=8960, stack(0x00007f0dffeff000,0x00007f0e00000000)]
  0x00007f0e00003000 JavaThread "RMI TCP Connection(6)-127.0.0.1" daemon [_thread_in_native, id=8958, stack(0x00007f0dff9fc000,0x00007f0dffafd000)]
  0x00007f0e00001800 JavaThread "RMI TCP Connection(11)-127.0.0.1" daemon [_thread_in_native, id=8936, stack(0x00007f0dff8fb000,0x00007f0dff9fc000)]
  0x00007f0de8011000 JavaThread "RMI Scheduler(0)" daemon [_thread_blocked, id=8703, stack(0x00007f0dff7fa000,0x00007f0dff8fb000)]
  0x00007f0e5c00c000 JavaThread "DestroyJavaVM" [_thread_blocked, id=8681, stack(0x00007f0e63631000,0x00007f0e63731000)]
  0x00007f0e5c335800 JavaThread "GC Daemon" daemon [_thread_blocked, id=8699, stack(0x00007f0dffcfd000,0x00007f0dffdfe000)]
  0x00007f0e5c32f000 JavaThread "RMI Reaper" [_thread_blocked, id=8698, stack(0x00007f0dffdfe000,0x00007f0dffeff000)]
  0x00007f0e5c31e800 JavaThread "Timer-0" daemon [_thread_blocked, id=8696, stack(0x00007f0e2c07e000,0x00007f0e2c17f000)]
  0x00007f0e5c318800 JavaThread "RMI TCP Accept-17277" daemon [_thread_in_native, id=8695, stack(0x00007f0e3c07c000,0x00007f0e3c17d000)]
  0x00007f0e5c0c3000 JavaThread "Service Thread" daemon [_thread_blocked, id=8693, stack(0x00007f0e3cb8f000,0x00007f0e3cc90000)]
  0x00007f0e5c0c0000 JavaThread "C1 CompilerThread2" daemon [_thread_blocked, id=8692, stack(0x00007f0e3cc91000,0x00007f0e3cd91000)]
  0x00007f0e5c0be800 JavaThread "C2 CompilerThread1" daemon [_thread_blocked, id=8691, stack(0x00007f0e3cd92000,0x00007f0e3ce92000)]
  0x00007f0e5c0bb800 JavaThread "C2 CompilerThread0" daemon [_thread_blocked, id=8690, stack(0x00007f0e3ce93000,0x00007f0e3cf93000)]
  0x00007f0e5c0ba000 JavaThread "Signal Dispatcher" daemon [_thread_blocked, id=8689, stack(0x00007f0e3cf93000,0x00007f0e3d094000)]
  0x00007f0e5c086000 JavaThread "Finalizer" daemon [_thread_blocked, id=8688, stack(0x00007f0e3da63000,0x00007f0e3db64000)]
  0x00007f0e5c081800 JavaThread "Reference Handler" daemon [_thread_blocked, id=8687, stack(0x00007f0e3db64000,0x00007f0e3dc65000)]

Other Threads:
=>0x00007f0e5c07a000 VMThread [stack: 0x00007f0e3dc66000,0x00007f0e3dd66000] [id=8686]
  0x00007f0e5c0c5800 WatcherThread [stack: 0x00007f0e3ca8f000,0x00007f0e3cb8f000] [id=8694]

VM state:at safepoint (normal execution)

VM Mutex/Monitor currently owned by a thread:  ([mutex/lock_event])
[0x00007f0e5c008a50] Threads_lock - owner thread: 0x00007f0e5c07a000
[0x00007f0e5c008f50] Heap_lock - owner thread: 0x00007f0e00007800

Heap:
 PSYoungGen      total 344576K, used 109053K [0x0000000761000000, 0x0000000781780000, 0x00000007c0000000)
  eden space 235520K, 0% used [0x0000000761000000,0x0000000761000000,0x000000076f600000)
  from space 109056K, 99% used [0x000000077ad00000,0x000000078177f740,0x0000000781780000)
  to   space 73216K, 0% used [0x000000076f600000,0x000000076f600000,0x0000000773d80000)
 ParOldGen       total 256512K, used 256320K [0x00000006a3000000, 0x00000006b2a80000, 0x0000000761000000)
  object space 256512K, 99% used [0x00000006a3000000,0x00000006b2a500a8,0x00000006b2a80000)
 Metaspace       used 71096K, capacity 72514K, committed 73000K, reserved 1114112K
  class space    used 8357K, capacity 8712K, committed 8752K, reserved 1048576K

Card table byte_map: [0x00007f0e4c717000,0x00007f0e4d000000] byte_map_base: 0x00007f0e491ff000

Marking Bits: (ParMarkBitMap*) 0x00007f0e62ada160
 Begin Bits: [0x00007f0e2f180000, 0x00007f0e338c0000)
 End Bits:   [0x00007f0e338c0000, 0x00007f0e38000000)

Polling page: 0x00007f0e63749000

CodeCache: size=245760Kb used=37076Kb max_used=37078Kb free=208684Kb
 bounds [0x00007f0e4d000000, 0x00007f0e4f470000, 0x00007f0e5c000000]
 total_blobs=11667 nmethods=11090 adapters=488
 compilation: enabled

Compilation eventApis (10 eventApis):
Event: 926,303 Thread 0x00007f0e5c0c0000 13250       3       com.sun.tools.javac.util.List::of (13 bytes)
Event: 926,303 Thread 0x00007f0e5c0c0000 nmethod 13250 0x00007f0e4f45b750 code [0x00007f0e4f45b900, 0x00007f0e4f45be30]
Event: 926,303 Thread 0x00007f0e5c0c0000 13252       2       com.sun.tools.javac.tree.JCTree$JCNewArray::accept (6 bytes)
Event: 926,303 Thread 0x00007f0e5c0c0000 nmethod 13252 0x00007f0e4f42aa10 code [0x00007f0e4f42ab80, 0x00007f0e4f42ad08]
Event: 926,303 Thread 0x00007f0e5c0c0000 13251       3       com.sun.tools.javac.code.Symtab::enterBinop (50 bytes)
Event: 926,304 Thread 0x00007f0e5c0c0000 nmethod 13251 0x00007f0e4f4591d0 code [0x00007f0e4f459480, 0x00007f0e4f45a828]
Event: 926,310 Thread 0x00007f0e5c0c0000 13254       2       com.sun.tools.javac.tree.TreeScanner::visitTopLevel (25 bytes)
Event: 926,311 Thread 0x00007f0e5c0c0000 nmethod 13254 0x00007f0e4f458d50 code [0x00007f0e4f458ee0, 0x00007f0e4f4590c8]
Event: 926,311 Thread 0x00007f0e5c0c0000 13255       2       com.sun.tools.javac.processing.JavacProcessingEnvironment$1::visitTopLevel (11 bytes)
Event: 926,311 Thread 0x00007f0e5c0c0000 nmethod 13255 0x00007f0e4f4587d0 code [0x00007f0e4f458960, 0x00007f0e4f458ba8]

GC Heap History (10 eventApis):
Event: 920,701 GC heap after
Heap after GC invocations=14 (full 4):
 PSYoungGen      total 220160K, used 0K [0x0000000761000000, 0x0000000772380000, 0x00000007c0000000)
  eden space 199680K, 0% used [0x0000000761000000,0x0000000761000000,0x000000076d300000)
  from space 20480K, 0% used [0x0000000770f80000,0x0000000770f80000,0x0000000772380000)
  to   space 40448K, 0% used [0x000000076d480000,0x000000076d480000,0x000000076fc00000)
 ParOldGen       total 96768K, used 18486K [0x00000006a3000000, 0x00000006a8e80000, 0x0000000761000000)
  object space 96768K, 19% used [0x00000006a3000000,0x00000006a420db60,0x00000006a8e80000)
 Metaspace       used 57735K, capacity 58990K, committed 59160K, reserved 1101824K
  class space    used 6724K, capacity 7032K, committed 7088K, reserved 1048576K
}
Event: 922,677 GC heap before
{Heap before GC invocations=15 (full 4):
 PSYoungGen      total 220160K, used 198705K [0x0000000761000000, 0x0000000772380000, 0x00000007c0000000)
  eden space 199680K, 99% used [0x0000000761000000,0x000000076d20c5b0,0x000000076d300000)
  from space 20480K, 0% used [0x0000000770f80000,0x0000000770f80000,0x0000000772380000)
  to   space 40448K, 0% used [0x000000076d480000,0x000000076d480000,0x000000076fc00000)
 ParOldGen       total 96768K, used 18486K [0x00000006a3000000, 0x00000006a8e80000, 0x0000000761000000)
  object space 96768K, 19% used [0x00000006a3000000,0x00000006a420db60,0x00000006a8e80000)
 Metaspace       used 64479K, capacity 65788K, committed 66088K, reserved 1107968K
  class space    used 7607K, capacity 7949K, committed 7984K, reserved 1048576K
Event: 922,721 GC heap after
Heap after GC invocations=15 (full 4):
 PSYoungGen      total 241664K, used 40425K [0x0000000761000000, 0x0000000776c80000, 0x00000007c0000000)
  eden space 201216K, 0% used [0x0000000761000000,0x0000000761000000,0x000000076d480000)
  from space 40448K, 99% used [0x000000076d480000,0x000000076fbfa568,0x000000076fc00000)
  to   space 48128K, 0% used [0x0000000773d80000,0x0000000773d80000,0x0000000776c80000)
 ParOldGen       total 96768K, used 22221K [0x00000006a3000000, 0x00000006a8e80000, 0x0000000761000000)
  object space 96768K, 22% used [0x00000006a3000000,0x00000006a45b34b0,0x00000006a8e80000)
 Metaspace       used 64479K, capacity 65788K, committed 66088K, reserved 1107968K
  class space    used 7607K, capacity 7949K, committed 7984K, reserved 1048576K
}
Event: 923,364 GC heap before
{Heap before GC invocations=16 (full 4):
 PSYoungGen      total 241664K, used 241641K [0x0000000761000000, 0x0000000776c80000, 0x00000007c0000000)
  eden space 201216K, 100% used [0x0000000761000000,0x000000076d480000,0x000000076d480000)
  from space 40448K, 99% used [0x000000076d480000,0x000000076fbfa568,0x000000076fc00000)
  to   space 48128K, 0% used [0x0000000773d80000,0x0000000773d80000,0x0000000776c80000)
 ParOldGen       total 96768K, used 22221K [0x00000006a3000000, 0x00000006a8e80000, 0x0000000761000000)
  object space 96768K, 22% used [0x00000006a3000000,0x00000006a45b34b0,0x00000006a8e80000)
 Metaspace       used 64731K, capacity 66044K, committed 66344K, reserved 1107968K
  class space    used 7616K, capacity 7949K, committed 7984K, reserved 1048576K
Event: 923,464 GC heap after
Heap after GC invocations=16 (full 4):
 PSYoungGen      total 283648K, used 48114K [0x0000000761000000, 0x000000077b300000, 0x00000007c0000000)
  eden space 235520K, 0% used [0x0000000761000000,0x0000000761000000,0x000000076f600000)
  from space 48128K, 99% used [0x0000000773d80000,0x0000000776c7c8a0,0x0000000776c80000)
  to   space 73216K, 0% used [0x000000076f600000,0x000000076f600000,0x0000000773d80000)
 ParOldGen       total 96768K, used 70213K [0x00000006a3000000, 0x00000006a8e80000, 0x0000000761000000)
  object space 96768K, 72% used [0x00000006a3000000,0x00000006a74915e8,0x00000006a8e80000)
 Metaspace       used 64731K, capacity 66044K, committed 66344K, reserved 1107968K
  class space    used 7616K, capacity 7949K, committed 7984K, reserved 1048576K
}
Event: 923,464 GC heap before
{Heap before GC invocations=17 (full 5):
 PSYoungGen      total 283648K, used 48114K [0x0000000761000000, 0x000000077b300000, 0x00000007c0000000)
  eden space 235520K, 0% used [0x0000000761000000,0x0000000761000000,0x000000076f600000)
  from space 48128K, 99% used [0x0000000773d80000,0x0000000776c7c8a0,0x0000000776c80000)
  to   space 73216K, 0% used [0x000000076f600000,0x000000076f600000,0x0000000773d80000)
 ParOldGen       total 96768K, used 70213K [0x00000006a3000000, 0x00000006a8e80000, 0x0000000761000000)
  object space 96768K, 72% used [0x00000006a3000000,0x00000006a74915e8,0x00000006a8e80000)
 Metaspace       used 64731K, capacity 66044K, committed 66344K, reserved 1107968K
  class space    used 7616K, capacity 7949K, committed 7984K, reserved 1048576K
Event: 923,829 GC heap after
Heap after GC invocations=17 (full 5):
 PSYoungGen      total 283648K, used 3531K [0x0000000761000000, 0x000000077b300000, 0x00000007c0000000)
  eden space 235520K, 0% used [0x0000000761000000,0x0000000761000000,0x000000076f600000)
  from space 48128K, 7% used [0x0000000773d80000,0x00000007740f2d28,0x0000000776c80000)
  to   space 73216K, 0% used [0x000000076f600000,0x000000076f600000,0x0000000773d80000)
 ParOldGen       total 207872K, used 96621K [0x00000006a3000000, 0x00000006afb00000, 0x0000000761000000)
  object space 207872K, 46% used [0x00000006a3000000,0x00000006a8e5b6a0,0x00000006afb00000)
 Metaspace       used 64731K, capacity 66044K, committed 66344K, reserved 1107968K
  class space    used 7616K, capacity 7949K, committed 7984K, reserved 1048576K
}
Event: 925,111 GC heap before
{Heap before GC invocations=18 (full 5):
 PSYoungGen      total 283648K, used 239051K [0x0000000761000000, 0x000000077b300000, 0x00000007c0000000)
  eden space 235520K, 100% used [0x0000000761000000,0x000000076f600000,0x000000076f600000)
  from space 48128K, 7% used [0x0000000773d80000,0x00000007740f2d28,0x0000000776c80000)
  to   space 73216K, 0% used [0x000000076f600000,0x000000076f600000,0x0000000773d80000)
 ParOldGen       total 207872K, used 96621K [0x00000006a3000000, 0x00000006afb00000, 0x0000000761000000)
  object space 207872K, 46% used [0x00000006a3000000,0x00000006a8e5b6a0,0x00000006afb00000)
 Metaspace       used 67247K, capacity 68596K, committed 69032K, reserved 1110016K
  class space    used 7861K, capacity 8245K, committed 8368K, reserved 1048576K
Event: 925,258 GC heap after
Heap after GC invocations=18 (full 5):
 PSYoungGen      total 308736K, used 73203K [0x0000000761000000, 0x0000000781780000, 0x00000007c0000000)
  eden space 235520K, 0% used [0x0000000761000000,0x0000000761000000,0x000000076f600000)
  from space 73216K, 99% used [0x000000076f600000,0x0000000773d7ccf0,0x0000000773d80000)
  to   space 109056K, 0% used [0x000000077ad00000,0x000000077ad00000,0x0000000781780000)
 ParOldGen       total 207872K, used 159709K [0x00000006a3000000, 0x00000006afb00000, 0x0000000761000000)
  object space 207872K, 76% used [0x00000006a3000000,0x00000006acbf7630,0x00000006afb00000)
 Metaspace       used 67247K, capacity 68596K, committed 69032K, reserved 1110016K
  class space    used 7861K, capacity 8245K, committed 8368K, reserved 1048576K
}
Event: 926,318 GC heap before
{Heap before GC invocations=19 (full 5):
 PSYoungGen      total 308736K, used 308723K [0x0000000761000000, 0x0000000781780000, 0x00000007c0000000)
  eden space 235520K, 100% used [0x0000000761000000,0x000000076f600000,0x000000076f600000)
  from space 73216K, 99% used [0x000000076f600000,0x0000000773d7ccf0,0x0000000773d80000)
  to   space 109056K, 0% used [0x000000077ad00000,0x000000077ad00000,0x0000000781780000)
 ParOldGen       total 207872K, used 159709K [0x00000006a3000000, 0x00000006afb00000, 0x0000000761000000)
  object space 207872K, 76% used [0x00000006a3000000,0x00000006acbf7630,0x00000006afb00000)
 Metaspace       used 71096K, capacity 72514K, committed 73000K, reserved 1114112K
  class space    used 8357K, capacity 8712K, committed 8752K, reserved 1048576K

Deoptimization eventApis (10 eventApis):
Event: 926,116 Thread 0x00007f0e00007800 Uncommon trap: reason=predicate action=maybe_recompile pc=0x00007f0e4f40eb1c method=com.sun.tools.javac.comp.Attr$TypeAnnotationsValidator.visitClassDef(Lcom/sun/tools/javac/tree/JCTree$JCClassDecl;)V @ 47
Event: 926,116 Thread 0x00007f0e00007800 Uncommon trap: reason=unstable_if action=reinterpret pc=0x00007f0e4f40d218 method=com.sun.tools.javac.comp.Attr$TypeAnnotationsValidator.validateAnnotatedType(Lcom/sun/tools/javac/tree/JCTree;Lcom/sun/tools/javac/code/Type;)V @ 28
Event: 926,116 Thread 0x00007f0e00007800 Uncommon trap: reason=unstable_if action=reinterpret pc=0x00007f0e4f1f7288 method=com.sun.tools.javac.model.JavacElements.getAllAnnotationMirrors(Ljavax/lang/model/element/Element;)Lcom/sun/tools/javac/util/List; @ 68
Event: 926,116 Thread 0x00007f0e00007800 Uncommon trap: reason=class_check action=maybe_recompile pc=0x00007f0e4f1f9094 method=com.sun.tools.javac.model.JavacElements.getAllAnnotationMirrors(Ljavax/lang/model/element/Element;)Lcom/sun/tools/javac/util/List; @ 98
Event: 926,116 Thread 0x00007f0e00007800 Uncommon trap: reason=class_check action=maybe_recompile pc=0x00007f0e4f1f9094 method=com.sun.tools.javac.model.JavacElements.getAllAnnotationMirrors(Ljavax/lang/model/element/Element;)Lcom/sun/tools/javac/util/List; @ 98
Event: 926,127 Thread 0x00007f0e00007800 Uncommon trap: reason=unstable_if action=reinterpret pc=0x00007f0e4efa7358 method=java.util.TreeMap.rotateLeft(Ljava/util/TreeMap$Entry;)V @ 63
Event: 926,128 Thread 0x00007f0e00007800 Uncommon trap: reason=bimorphic action=maybe_recompile pc=0x00007f0e4e762db0 method=java.util.AbstractSet.equals(Ljava/lang/Object;)Z @ 38
Event: 926,129 Thread 0x00007f0e00007800 Uncommon trap: reason=unstable_if action=reinterpret pc=0x00007f0e4f2ba460 method=com.sun.org.apache.xerces.internal.dom.DeferredDocumentImpl.ensureCapacity(I)V @ 4
Event: 926,230 Thread 0x00007f0e00007800 Uncommon trap: reason=unstable_if action=reinterpret pc=0x00007f0e4f2c87f8 method=com.sun.org.apache.xerces.internal.dom.ParentNode.nodeListItem(I)Lorg/w3c/dom/Node; @ 4
Event: 926,301 Thread 0x00007f0e00007800 Uncommon trap: reason=unstable_if action=reinterpret pc=0x00007f0e4f309cf8 method=android.databinding.tool.reflection.SdkUtil$ApiChecker.buildFullLookup()V @ 49

Classes redefined (0 eventApis):
No eventApis

Internal exceptions (10 eventApis):
Event: 921,816 Thread 0x00007f0e00001800 Exception <a 'java/io/FileNotFoundException'> (0x0000000766e96b78) thrown at [/usr/local/google/home/ralucas/source/AOSP-openjdk-git/jdk8u/hotspot/src/share/vm/prims/jni.cpp, line 709]
Event: 921,816 Thread 0x00007f0e00001800 Exception <a 'java/io/FileNotFoundException'> (0x0000000766e98490) thrown at [/usr/local/google/home/ralucas/source/AOSP-openjdk-git/jdk8u/hotspot/src/share/vm/prims/jni.cpp, line 709]
Event: 921,884 Thread 0x00007f0dd8002800 Exception <a 'java/lang/InterruptedException'> (0x0000000767334bf0) thrown at [/usr/local/google/home/ralucas/source/AOSP-openjdk-git/jdk8u/hotspot/src/share/vm/runtime/objectMonitor.cpp, line 1684]
Event: 924,812 Thread 0x00007f0e00007800 Implicit null exception at 0x00007f0e4d240cb5 to 0x00007f0e4d241071
Event: 925,346 Thread 0x00007f0e00007800 Exception <a 'java/lang/ClassNotFoundException': com/sun/org/glassfish/hk2/osgiresourcelocator/ServiceLoader> (0x0000000762341408) thrown at [/usr/local/google/home/ralucas/source/AOSP-openjdk-git/jdk8u/hotspot/src/share/vm/classfile/systemDictionary.cpp,
Event: 925,355 Thread 0x00007f0e00007800 Exception <a 'java/lang/NullPointerException'> (0x0000000762349fb8) thrown at [/usr/local/google/home/ralucas/source/AOSP-openjdk-git/jdk8u/hotspot/src/share/vm/interpreter/linkResolver.cpp, line 1301]
Event: 925,409 Thread 0x00007f0e00007800 Implicit null exception at 0x00007f0e4e93953a to 0x00007f0e4e93a67d
Event: 925,592 Thread 0x00007f0e00007800 Implicit null exception at 0x00007f0e4d171418 to 0x00007f0e4d171452
Event: 926,129 Thread 0x00007f0e00007800 Implicit null exception at 0x00007f0e4f2b891b to 0x00007f0e4f2ba44b
Event: 926,230 Thread 0x00007f0e00007800 Implicit null exception at 0x00007f0e4f2c8632 to 0x00007f0e4f2c87e1

Events (10 eventApis):
Event: 926,150 Thread 0x00007f0e00007800 DEOPT UNPACKING pc=0x00007f0e4d0474c4 sp=0x00007f0dff0f3c20 mode 0
Event: 926,230 Thread 0x00007f0e00007800 Uncommon trap: trap_request=0xffffff65 fr.pc=0x00007f0e4f2c87f8
Event: 926,230 Thread 0x00007f0e00007800 DEOPT PACKING pc=0x00007f0e4f2c87f8 sp=0x00007f0dff0f4020
Event: 926,230 Thread 0x00007f0e00007800 DEOPT UNPACKING pc=0x00007f0e4d04547a sp=0x00007f0dff0f3fd0 mode 2
Event: 926,235 Thread 0x00007f0e00007800 DEOPT PACKING pc=0x00007f0e4f2d66f2 sp=0x00007f0dff0f40a0
Event: 926,235 Thread 0x00007f0e00007800 DEOPT UNPACKING pc=0x00007f0e4d0474c4 sp=0x00007f0dff0f3e60 mode 0
Event: 926,301 Thread 0x00007f0e00007800 Uncommon trap: trap_request=0xffffff65 fr.pc=0x00007f0e4f309cf8
Event: 926,301 Thread 0x00007f0e00007800 DEOPT PACKING pc=0x00007f0e4f309cf8 sp=0x00007f0dff0f40d0
Event: 926,301 Thread 0x00007f0e00007800 DEOPT UNPACKING pc=0x00007f0e4d04547a sp=0x00007f0dff0f40e0 mode 2
Event: 926,318 Executing VM operation: ParallelGCFailedAllocation


Dynamic libraries:
6a3000000-6b2a80000 rw-p 00000000 00:00 0 
6b2a80000-761000000 ---p 00000000 00:00 0 
761000000-781780000 rw-p 00000000 00:00 0 
78a500000-7c0000000 ---p 00000000 00:00 0 
7c0000000-7c088c000 rw-p 00000000 00:00 0 
7c088c000-800000000 ---p 00000000 00:00 0 
5585469ae000-5585469af000 r-xp 00000000 08:14 11405972                   /opt/android-studio/jre/jre/bin/java
558546bae000-558546baf000 r--p 00000000 08:14 11405972                   /opt/android-studio/jre/jre/bin/java
558546baf000-558546bb0000 rw-p 00001000 08:14 11405972                   /opt/android-studio/jre/jre/bin/java
5585480a8000-5585480c9000 rw-p 00000000 00:00 0                          [heap]
7f0dd0000000-7f0dd0021000 rw-p 00000000 00:00 0 
7f0dd0021000-7f0dd4000000 ---p 00000000 00:00 0 
7f0dd7a00000-7f0dd7ac0000 rw-p 00000000 00:00 0 
7f0dd7ac0000-7f0dd7c00000 ---p 00000000 00:00 0 
7f0dd7c00000-7f0dd7e00000 rw-p 00000000 00:00 0 
7f0dd7e00000-7f0dd8000000 rw-p 00000000 00:00 0 
7f0dd8000000-7f0dd864c000 rw-p 00000000 00:00 0 
7f0dd864c000-7f0ddc000000 ---p 00000000 00:00 0 
7f0ddc000000-7f0ddc021000 rw-p 00000000 00:00 0 
7f0ddc021000-7f0de0000000 ---p 00000000 00:00 0 
7f0de0000000-7f0de0021000 rw-p 00000000 00:00 0 
7f0de0021000-7f0de4000000 ---p 00000000 00:00 0 
7f0de4000000-7f0de4021000 rw-p 00000000 00:00 0 
7f0de4021000-7f0de8000000 ---p 00000000 00:00 0 
7f0de8000000-7f0de8021000 rw-p 00000000 00:00 0 
7f0de8021000-7f0dec000000 ---p 00000000 00:00 0 
7f0dec000000-7f0decc17000 rw-p 00000000 00:00 0 
7f0decc17000-7f0df0000000 ---p 00000000 00:00 0 
7f0df0000000-7f0df0021000 rw-p 00000000 00:00 0 
7f0df0021000-7f0df4000000 ---p 00000000 00:00 0 
7f0df4000000-7f0df4021000 rw-p 00000000 00:00 0 
7f0df4021000-7f0df8000000 ---p 00000000 00:00 0 
7f0df8000000-7f0df8a56000 rw-p 00000000 00:00 0 
7f0df8a56000-7f0dfc000000 ---p 00000000 00:00 0 
7f0dfc0f5000-7f0dfc107000 r--s 00345000 08:14 11407838                   /opt/android-studio/jre/jre/lib/resources.jar
7f0dfc107000-7f0dfc307000 rw-p 00000000 00:00 0 
7f0dfc307000-7f0dfc428000 r--s 02b7d000 08:14 7999076                    /home/marco/Android/Sdk/platforms/android-28/android.jar
7f0dfc428000-7f0dfc42a000 r--s 00008000 08:14 7876111                    /home/marco/.gradle/caches/modules-2/files-2.1/com.parse.bolts/bolts-tasks/1.4.0/d85884acf6810a3bbbecb587f239005cbc846dc4/bolts-tasks-1.4.0.jar
7f0dfc42a000-7f0dfc42c000 r--s 00005000 08:14 9060625                    /home/marco/.gradle/caches/transforms-1/files-1.1/bolts-applinks-1.4.0.jar/bf2dfcef4e31ff7fca1dc70a6fd26625/jetified-bolts-applinks-1.4.0.jar
7f0dfc42c000-7f0dfc434000 r--s 0007f000 08:14 9060620                    /home/marco/.gradle/caches/transforms-1/files-1.1/core-3.3.0.jar/3451910a6c4abd2f57c4f9424556fd0e/jetified-core-3.3.0.jar
7f0dfc434000-7f0dfc435000 r--s 00000000 08:14 7876106                    /home/marco/.gradle/caches/modules-2/files-2.1/com.parse.bolts/bolts-android/1.4.0/cc174c559b5177982887bf6e1b76003aebad9516/bolts-android-1.4.0.jar
7f0dfc435000-7f0dfc437000 r--s 00014000 08:14 4728522                    /home/marco/.gradle/caches/transforms-1/files-1.1/okio-1.14.0.jar/5ed923f3297a53379d77a83fe65751fe/jetified-okio-1.14.0.jar
7f0dfc437000-7f0dfc439000 r--s 00019000 08:14 7883975                    /home/marco/.gradle/caches/modules-2/files-2.1/androidx.constraintlayout/constraintlayout-solver/1.1.2/d324137427d23f643b61a2ad1cb20df2b8b1eb97/constraintlayout-solver-1.1.2.jar
7f0dfc439000-7f0dfc43a000 r--s 00000000 08:14 7883976                    /home/marco/.gradle/caches/modules-2/files-2.1/com.github.bumptech.glide/annotations/4.8.0/c4c9e79eb2bfeb9059fce55020c6b237402285f6/annotations-4.8.0.jar
7f0dfc43a000-7f0dfc43b000 r--s 00004000 08:14 7883977                    /home/marco/.gradle/caches/modules-2/files-2.1/com.github.bumptech.glide/disklrucache/4.8.0/a7448551cb3edd61bcf3d1b1136b670e630441cf/disklrucache-4.8.0.jar
7f0dfc43b000-7f0dfc43c000 r--s 00000000 08:14 7876103                    /home/marco/.gradle/caches/modules-2/files-2.1/org.reactivestreams/reactive-streams/1.0.2/323964c36556eb0e6209f65c1cef72b53b461ab8/reactive-streams-1.0.2.jar
7f0dfc43c000-7f0dfc43d000 r--s 00001000 08:14 9060612                    /home/marco/.gradle/caches/transforms-1/files-1.1/jetified-permissionsdispatcher-3.1.0.aar/cd2a8e441f1d9e5ea3766c4910f97249/jars/classes.jar
7f0dfc43d000-7f0dfc443000 r--s 00060000 08:14 9575597                    /home/marco/.gradle/caches/transforms-1/files-1.1/okhttp-3.11.0.jar/87e83b2c1242c552a6915f84949eea33/jetified-okhttp-3.11.0.jar
7f0dfc443000-7f0dfc445000 r--s 00001000 08:14 9575594                    /home/marco/.gradle/caches/transforms-1/files-1.1/logging-interceptor-3.11.0.jar/31ece9c54c76bc2e112cc0a210763987/jetified-logging-interceptor-3.11.0.jar
7f0dfc445000-7f0dfc448000 r--s 00014000 08:14 9575596                    /home/marco/.gradle/caches/transforms-1/files-1.1/retrofit-2.4.0.jar/192d12326116166c7aaa296d1dc422b9/jetified-retrofit-2.4.0.jar
7f0dfc448000-7f0dfc449000 r--s 0000e000 08:14 7478266                    /home/marco/.gradle/caches/transforms-1/files-1.1/constraintlayout-1.1.2.aar/85c1faa0bd3c8e58f46d13bfb301c94f/jars/classes.jar
7f0dfc449000-7f0dfc44e000 r--s 00035000 08:14 6426449                    /home/marco/.gradle/caches/transforms-1/files-1.1/gson-2.8.2.jar/b6ffe8dae322023b4e94b01d5d274f1f/jetified-gson-2.8.2.jar
7f0dfc44e000-7f0dfc44f000 r--s 00001000 08:14 3278730                    /home/marco/.gradle/caches/transforms-1/files-1.1/converter-gson-2.3.0.jar/ec3e826ac4b902cd7443c8d669f5db2f/jetified-converter-gson-2.3.0.jar
7f0dfc44f000-7f0dfc481000 r--s 00206000 08:14 7882418                    /home/marco/.gradle/caches/modules-2/files-2.1/io.reactivex.rxjava2/rxjava/2.2.2/db2277cb0641bd8bd2f491fab555d37345351d6/rxjava-2.2.2.jar
7f0dfc481000-7f0dfc482000 r--s 00003000 08:14 9575591                    /home/marco/.gradle/caches/transforms-1/files-1.1/adapter-rxjava2-2.4.0.jar/66f4d61fd9a02da348e6a7c6dfd46fb7/jetified-adapter-rxjava2-2.4.0.jar
7f0dfc482000-7f0dfc483000 r--s 00002000 08:14 8793821                    /home/marco/.gradle/caches/transforms-1/files-1.1/rxandroid-2.1.0.aar/f9f10b7322cad2e0b15831ca64ef6756/jars/classes.jar
7f0dfc483000-7f0dfc489000 r--s 00036000 08:14 5899136                    /home/marco/.gradle/caches/transforms-1/files-1.1/fabric-1.3.17.aar/bed7d27f51a8108706859b6f9c672e67/jars/classes.jar
7f0dfc489000-7f0dfc48c000 r--s 0000d000 08:14 9060504                    /home/marco/.gradle/caches/transforms-1/files-1.1/answers-1.3.13.aar/52c64d4f796b415564b109a2d093885e/jars/classes.jar
7f0dfc48c000-7f0dfc490000 r--s 00025000 08:14 9060496                    /home/marco/.gradle/caches/transforms-1/files-1.1/crashlytics-core-2.3.17.aar/2b5d95ec761224bb6e6b697bcdb4a927/jars/classes.jar
7f0dfc490000-7f0dfc49c000 r--s 0006d000 08:14 9575640                    /home/marco/.gradle/caches/transforms-1/files-1.1/aws-android-sdk-core-2.4.0.jar/58b47f2d27075b302622dbc84239e15b/jetified-aws-android-sdk-core-2.4.0.jar
7f0dfc49c000-7f0dfc69c000 rw-p 00000000 00:00 0 
7f0dfc69c000-7f0dfc89c000 rw-p 00000000 00:00 0 
7f0dfc89c000-7f0dfc89d000 r--s 00004000 08:14 6426445                    /home/marco/.gradle/caches/transforms-1/files-1.1/beta-1.2.5.aar/b7b643d0273e1abe1bb4d1980d82e84b/jars/classes.jar
7f0dfc89d000-7f0dfc8a0000 r--s 0001b000 08:14 9060514                    /home/marco/.gradle/caches/transforms-1/files-1.1/jetified-zxing-android-embedded-3.2.0.aar/9e9b081ce43d8e7d661e641a4113a7b0/jars/classes.jar
7f0dfc8a0000-7f0dfc8a1000 r--s 00004000 08:14 9060478                    /home/marco/.gradle/caches/transforms-1/files-1.1/jetified-roundedimageview-2.3.0.aar/ccdc9a29bc4b096ad820ba8e78e01e18/jars/classes.jar
7f0dfc8a1000-7f0dfc8a7000 r--s 00039000 08:14 5899134                    /home/marco/.gradle/caches/transforms-1/files-1.1/aws-android-sdk-sqs-2.2.22.jar/3fd251e5d0d752c5cc8d59867ac10f7a/jetified-aws-android-sdk-sqs-2.2.22.jar
7f0dfc8a7000-7f0dfc8ab000 r--s 00021000 08:14 9575635                    /home/marco/.gradle/caches/transforms-1/files-1.1/aws-android-sdk-cognito-2.4.0.jar/95072b4501f043be663d4f6cab550bce/jetified-aws-android-sdk-cognito-2.4.0.jar
7f0dfc8ab000-7f0dfc8b6000 r--s 00052000 08:14 5899130                    /home/marco/.gradle/caches/transforms-1/files-1.1/aws-android-sdk-cognitoidentityprovider-2.2.22.jar/5e3e4e5f03b84e52efcea475f15bb188/jetified-aws-android-sdk-cognitoidentityprovider-2.2.22.jar
7f0dfc8b6000-7f0dfc8bd000 r--s 0004b000 08:14 5249898                    /home/marco/.gradle/caches/transforms-1/files-1.1/aws-android-sdk-ddb-2.2.22.jar/8fb45f7d61897f169ebb72d009e74d72/jetified-aws-android-sdk-ddb-2.2.22.jar
7f0dfc8bd000-7f0dfc8c5000 r--s 0003b000 08:14 5772561                    /home/marco/.gradle/caches/transforms-1/files-1.1/aws-android-sdk-sns-2.2.22.jar/c1b492a96c4eaea9257705413abcdd4c/jetified-aws-android-sdk-sns-2.2.22.jar
7f0dfc8c5000-7f0dfc8d1000 r--s 0007e000 08:14 5772562                    /home/marco/.gradle/caches/transforms-1/files-1.1/aws-android-sdk-s3-2.2.22.jar/c0be18746003b9777f910df564ca3bf8/jetified-aws-android-sdk-s3-2.2.22.jar
7f0dfc8d1000-7f0dfc8d3000 r--s 00005000 08:14 7882616                    /home/marco/.gradle/caches/modules-2/files-2.1/androidx.annotation/annotation/1.0.0/45599f2cd5965ac05a1488fa2a5c0cdd7c499ead/annotation-1.0.0.jar
7f0dfc8d3000-7f0dfc8d4000 r--s 00001000 08:14 9060461                    /home/marco/.gradle/caches/transforms-1/files-1.1/interpolator-1.0.0.aar/a3770cbbdca8182ced3d59824a5583e9/jars/classes.jar
7f0dfc8d4000-7f0dfc8d5000 r--s 00001000 08:14 9060453                    /home/marco/.gradle/caches/transforms-1/files-1.1/lifecycle-viewmodel-2.0.0.aar/d36c4034d85854354b5cca240953eb29/jars/classes.jar
7f0dfc8d5000-7f0dfc8d6000 r--s 00003000 08:14 9060451                    /home/marco/.gradle/caches/transforms-1/files-1.1/print-1.0.0.aar/a3027d705327cf629827ffaac573c0b9/jars/classes.jar
7f0dfc8d6000-7f0dfc8d7000 r--s 00001000 08:14 8793819                    /home/marco/.gradle/caches/transforms-1/files-1.1/localbroadcastmanager-1.0.0.aar/e27fda6ac8c1bfe9c1d460cbd770aba8/jars/classes.jar
7f0dfc8d7000-7f0dfc8d8000 r--s 00002000 08:14 7607247                    /home/marco/.gradle/caches/transforms-1/files-1.1/documentfile-1.0.0.aar/6b461a6125c166e32c858d084cc83f43/jars/classes.jar
7f0dfc8d8000-7f0dfc8d9000 r--s 00002000 08:14 7209845                    /home/marco/.gradle/caches/transforms-1/files-1.1/cursoradapter-1.0.0.aar/e5e083e575c58a37675ef23e0ed6f81f/jars/classes.jar
7f0dfc8d9000-7f0dfc8da000 r--s 00002000 08:14 7883963                    /home/marco/.gradle/caches/modules-2/files-2.1/androidx.arch.core/core-common/2.0.0/bb21b9a11761451b51624ac428d1f1bb5deeac38/core-common-2.0.0.jar
7f0dfc8da000-7f0dfc8db000 r--s 00001000 08:14 9060433                    /home/marco/.gradle/caches/transforms-1/files-1.1/core-runtime-2.0.0.aar/52668358e77e56b8d7e484befa6d6694/jars/classes.jar
7f0dfc8db000-7f0dfc8dc000 r--s 00004000 08:14 7883964                    /home/marco/.gradle/caches/modules-2/files-2.1/androidx.lifecycle/lifecycle-common/2.0.0/e070ffae07452331bc5684734fce6831d531785c/lifecycle-common-2.0.0.jar
7f0dfc8dc000-7f0dfc8de000 r--s 00001000 08:14 9060428                    /home/marco/.gradle/caches/transforms-1/files-1.1/lifecycle-livedata-core-2.0.0.aar/a57e64a93828da636d3be3e7858a1bf8/jars/classes.jar
7f0dfc8de000-7f0dfc8df000 r--s 00002000 08:14 9060414                    /home/marco/.gradle/caches/transforms-1/files-1.1/lifecycle-livedata-2.0.0.aar/a6b9dd44fc04f44a1b1cf0555b0f770d/jars/classes.jar
7f0dfc8df000-7f0dfc8e1000 r--s 00004000 08:14 9060408                    /home/marco/.gradle/caches/transforms-1/files-1.1/cardview-1.0.0.aar/2ddb1c94330f6702cb096d16fcbd4c5f/jars/classes.jar
7f0dfc8e1000-7f0dfc8e3000 r--s 00009000 08:14 7883959                    /home/marco/.gradle/caches/modules-2/files-2.1/androidx.collection/collection/1.0.0/42858b26cafdaa69b6149f45dfc2894007bc2c7a/collection-1.0.0.jar
7f0dfc8e3000-7f0dfc8e4000 r--s 00006000 08:14 8793817                    /home/marco/.gradle/caches/transforms-1/files-1.1/versionedparcelable-1.0.0.aar/2ad68919d8f6919d3a7aa3b30ea721a2/jars/classes.jar
7f0dfc8e4000-7f0dfc8e5000 r--s 00002000 08:14 7209843                    /home/marco/.gradle/caches/transforms-1/files-1.1/lifecycle-runtime-2.0.0.aar/fe2401e9bc3768d9709268161994d95d/jars/classes.jar
7f0dfc8e5000-7f0dfc8f1000 r--s 0008d000 08:14 9060162                    /home/marco/.gradle/caches/transforms-1/files-1.1/core-1.0.1.aar/6d792ddc41dfa2a1a6a3efe938e6ed2c/jars/classes.jar
7f0dfc8f1000-7f0dfc8f2000 r--s 00001000 08:14 9060163                    /home/marco/.gradle/caches/transforms-1/files-1.1/asynclayoutinflater-1.0.0.aar/3556c0631d1c9156ead0db3387524fed/jars/classes.jar
7f0dfc8f2000-7f0dfc8f4000 r--s 00007000 08:14 9060161                    /home/marco/.gradle/caches/transforms-1/files-1.1/swiperefreshlayout-1.0.0.aar/ca14392c05281db45e56294e1899317c/jars/classes.jar
7f0dfc8f4000-7f0dfc8f6000 r--s 00007000 08:14 8920873                    /home/marco/.gradle/caches/transforms-1/files-1.1/customview-1.0.0.aar/420dd4c4f647dba00b588b93aa3ce6d8/jars/classes.jar
7f0dfc8f6000-7f0dfc8f7000 r--s 00005000 08:14 8920868                    /home/marco/.gradle/caches/transforms-1/files-1.1/slidingpanelayout-1.0.0.aar/788733bac3a2a942380e9dc8d516d282/jars/classes.jar
7f0dfc8f7000-7f0dfc8f8000 r--s 00007000 08:14 8920865                    /home/marco/.gradle/caches/transforms-1/files-1.1/drawerlayout-1.0.0.aar/60e98d77bf90db9112c059f0e1780795/jars/classes.jar
7f0dfc8f8000-7f0dfc8fa000 r--s 00009000 08:14 7342034                    /home/marco/.gradle/caches/transforms-1/files-1.1/coordinatorlayout-1.0.0.aar/0535f75b8c0acc5e96e99ef6e09e103e/jars/classes.jar
7f0dfc8fa000-7f0dfc8fc000 r--s 0000c000 08:14 8920850                    /home/marco/.gradle/caches/transforms-1/files-1.1/viewpager-1.0.0.aar/fa96b32601c44a2ad7db71a5dd621dfb/jars/classes.jar
7f0dfc8fc000-7f0dfc8fe000 r--s 00007000 08:14 8920842                    /home/marco/.gradle/caches/transforms-1/files-1.1/loader-1.0.0.aar/78d1522921df966848c12be05a65bbb8/jars/classes.jar
7f0dfc8fe000-7f0dfc907000 r--s 00051000 08:14 7209841                    /home/marco/.gradle/caches/transforms-1/files-1.1/media-1.0.0.aar/ff8d9414968a880a2d0057e778a0e24b/jars/classes.jar
7f0dfc907000-7f0dfc908000 r--s 00004000 08:14 7078216                    /home/marco/.gradle/caches/transforms-1/files-1.1/emoji-1.0.0.aar/96b56706d0c32308bb2ac6eb55918fa6/jars/libs/noto-emoji-compat-java.jar
7f0dfc908000-7f0dfc90b000 r--s 00013000 08:14 6426442                    /home/marco/.gradle/caches/transforms-1/files-1.1/emoji-1.0.0.aar/96b56706d0c32308bb2ac6eb55918fa6/jars/classes.jar
7f0dfc90b000-7f0dfc90c000 r--s 00000000 08:14 6821659                    /home/marco/.gradle/caches/transforms-1/files-1.1/emoji-bundled-1.0.0.aar/29f5541ccde1c69a733a06d32dd83f01/jars/classes.jar
7f0dfc90c000-7f0dfc90e000 r--s 00007000 08:14 8920599                    /home/marco/.gradle/caches/transforms-1/files-1.1/vectordrawable-1.0.1.aar/e564ce14f7607593c04c281b2f3a61a3/jars/classes.jar
7f0dfc90e000-7f0dfc90f000 r--s 00000000 08:14 8920591                    /home/marco/.gradle/caches/transforms-1/files-1.1/legacy-support-core-utils-1.0.0.aar/76d41d196bee62fde4e9716aedf26b0f/jars/classes.jar
7f0dfc90f000-7f0dfc910000 r--s 00002000 08:14 8920579                    /home/marco/.gradle/caches/transforms-1/files-1.1/legacy-support-core-ui-1.0.0.aar/d734c5c899dc5d0e753e6c72d8e14f48/jars/classes.jar
7f0dfc910000-7f0dfc913000 r--s 0000e000 08:14 13107212                   /home/marco/.gradle/caches/transforms-1/files-1.1/browser-1.0.0.aar/5cce043cba19a677f97beb70d60f3c6c/jars/classes.jar
7f0dfc913000-7f0dfc915000 r--s 00007000 08:14 8920571                    /home/marco/.gradle/caches/transforms-1/files-1.1/vectordrawable-animated-1.0.0.aar/1be37ec965c7db2f9fdb59c9da6f63a0/jars/classes.jar
7f0dfc915000-7f0dfc91b000 r--s 00057000 08:14 8920555                    /home/marco/.gradle/caches/transforms-1/files-1.1/recyclerview-1.0.0.aar/1da58f14e4badc5a02b6893890d9c2c5/jars/classes.jar
7f0dfc91b000-7f0dfc91e000 r--s 00026000 08:14 8920504                    /home/marco/.gradle/caches/transforms-1/files-1.1/fragment-1.0.0.aar/8cd80434bfd95f89fd7a4773908a3f24/jars/classes.jar
7f0dfc91e000-7f0dfc922000 r--s 00029000 08:14 5249779                    /home/marco/.gradle/caches/transforms-1/files-1.1/transition-1.0.0-rc01.aar/0c93ce4461b68f2c60810c03bc80958a/jars/classes.jar
7f0dfc922000-7f0dfc923000 r--s 00000000 08:14 8920491                    /home/marco/.gradle/caches/transforms-1/files-1.1/legacy-support-v4-1.0.0.aar/1332f53e2fbf768b724db51bc1328d00/jars/classes.jar
7f0dfc923000-7f0dfc925000 r--s 00004000 08:14 8920483                    /home/marco/.gradle/caches/transforms-1/files-1.1/legacy-support-v13-1.0.0.aar/0fa833e3daa0c754c4be7282f9e398a3/jars/classes.jar
7f0dfc925000-7f0dfc92d000 r--s 0003b000 08:14 9317031                    /home/marco/.gradle/caches/transforms-1/files-1.1/jetified-play-services-basement-16.0.1.aar/bcd0f901ea90cc755f3ecbcf80980778/jars/classes.jar
7f0dfc92d000-7f0dfc92f000 r--s 00002000 08:14 8920471                    /home/marco/.gradle/caches/transforms-1/files-1.1/jetified-play-services-ads-identifier-16.0.0.aar/bc1bbec725d35d781662088b8732d515/jars/classes.jar
7f0dfc92f000-7f0dfc930000 r--s 00001000 08:14 8920458                    /home/marco/.gradle/caches/transforms-1/files-1.1/jetified-play-services-stats-16.0.1.aar/0bc61873eb52128de40317966367aca5/jars/classes.jar
7f0dfc930000-7f0dfc936000 r--s 00038000 08:14 8920437                    /home/marco/.gradle/caches/transforms-1/files-1.1/jetified-play-services-measurement-base-16.0.4.aar/6a097eb798c92c5f4febb882fe62a7a7/jars/classes.jar
7f0dfc936000-7f0dfc937000 r--s 00000000 08:14 8793804                    /home/marco/.gradle/caches/transforms-1/files-1.1/jetified-firebase-measurement-connector-17.0.1.aar/ab6de7e88e74eb0d4ec13f9cbe080acb/jars/classes.jar
7f0dfc937000-7f0dfc939000 r--s 00007000 08:14 7736361                    /home/marco/.gradle/caches/transforms-1/files-1.1/jetified-play-services-tasks-16.0.1.aar/499aa618b3d911f61a3b9f842e617f27/jars/classes.jar
7f0dfc939000-7f0dfc93b000 r--s 0000c000 08:14 9317017                    /home/marco/.gradle/caches/transforms-1/files-1.1/jetified-firebase-common-16.0.3.aar/54e4ce3f8af7ae03686fd1c0815a105e/jars/classes.jar
7f0dfc93b000-7f0dfc93c000 r--s 00001000 08:14 6426428                    /home/marco/.gradle/caches/transforms-1/files-1.1/play-services-places-placereport-16.0.0.aar/62c260565604cdb4e201ec80a5777f5e/jars/classes.jar
7f0dfc93c000-7f0dfc947000 r--s 00062000 08:14 7209839                    /home/marco/.gradle/caches/transforms-1/files-1.1/jetified-play-services-base-16.0.1.aar/6ad617a96a1659923760f032c3680a05/jars/classes.jar
7f0dfc947000-7f0dfc948000 r--s 00000000 08:14 7478255                    /home/marco/.gradle/caches/transforms-1/files-1.1/jetified-firebase-iid-interop-16.0.1.aar/639531a4398e213e9fd23cfe6cee8a7b/jars/classes.jar
7f0dfc948000-7f0dfc94b000 r--s 00012000 08:14 7209837                    /home/marco/.gradle/caches/transforms-1/files-1.1/jetified-firebase-iid-17.0.4.aar/b195b2d82460da7d064ce72742a06863/jars/classes.jar
7f0dfc94b000-7f0dfc951000 r--s 00034000 08:14 6951940                    /home/marco/.gradle/caches/transforms-1/files-1.1/jetified-firebase-analytics-impl-16.2.3.aar/e13fcdcd1c37807208ac5624a9a0e1a7/jars/classes.jar
7f0dfc951000-7f0dfc952000 r--s 00001000 08:14 8920411                    /home/marco/.gradle/caches/transforms-1/files-1.1/jetified-play-services-measurement-api-16.0.3.aar/61d81cb4d19054a3c65509ace4825c46/jars/classes.jar
7f0dfc952000-7f0dfc955000 r--s 0002c000 08:14 6685694                    /home/marco/.gradle/caches/transforms-1/files-1.1/jetified-firebase-analytics-16.0.5.aar/4c14b8ad4c76e30e9dd293c828ac01d9/jars/classes.jar
7f0dfc955000-7f0dfc956000 r--s 00003000 08:14 6560358                    /home/marco/.gradle/caches/transforms-1/files-1.1/jetified-firebase-measurement-connector-impl-17.0.3.aar/24c22c5ef7a637fc432a2b76a6d9fd7a/jars/classes.jar
7f0dfc956000-7f0dfc957000 r--s 00000000 08:14 6291585                    /home/marco/.gradle/caches/transforms-1/files-1.1/firebase-core-16.0.5.aar/fdd67db6f6ec0d2dde66d28d6d7c5d2f/jars/classes.jar
7f0dfc957000-7f0dfc958000 r--s 00005000 08:14 6951935                    /home/marco/.gradle/caches/transforms-1/files-1.1/jetified-firebase-messaging-17.3.4.aar/7893f0caf19a976c606de4f1b89b31e2/jars/classes.jar
7f0dfc958000-7f0dfc961000 r--s 00036000 08:14 8920395                    /home/marco/.gradle/caches/transforms-1/files-1.1/jetified-play-services-maps-16.0.0.aar/722c2937fc50e865e01f4fcdc35317e3/jars/classes.jar
7f0dfc961000-7f0dfc966000 r--s 0001e000 08:14 6685692                    /home/marco/.gradle/caches/transforms-1/files-1.1/jetified-play-services-location-16.0.0.aar/4e56f89c6c19fee329c090ff9565d763/jars/classes.jar
7f0dfc966000-7f0dfc971000 r--s 000a6000 08:14 8793642                    /home/marco/.gradle/caches/transforms-1/files-1.1/appcompat-1.0.2.aar/bf1cbde08bc032d3f918a4102945e614/jars/classes.jar
7f0dfc971000-7f0dfc972000 r--s 00003000 08:14 8793614                    /home/marco/.gradle/caches/transforms-1/files-1.1/jetified-pinentryedittext-1.3.10.aar/28f9e637dc6c1a3a3fd8881ab97e019b/jars/classes.jar
7f0dfc972000-7f0dfc974000 r--s 00003000 08:14 8793598                    /home/marco/.gradle/caches/transforms-1/files-1.1/jetified-OSEditText-v0.1.7.aar/6df6c1accd2639bf01cbde6fc4221a05/jars/classes.jar
7f0dfc974000-7f0dfc976000 r--s 0000a000 08:14 8793590                    /home/marco/.gradle/caches/transforms-1/files-1.1/exifinterface-1.0.0.aar/8fba17d11a9c97e9e4e2131f439d6023/jars/classes.jar
7f0dfc976000-7f0dfc978000 r--s 00014000 08:14 9708715                    /home/marco/.gradle/caches/transforms-1/files-1.1/android-image-cropper-2.8.0.aar/a7048d3f2c5b014ec3ef5d62da4c9b07/jars/classes.jar
7f0dfc978000-7f0dfc979000 r--s 00004000 08:14 8793581                    /home/marco/.gradle/caches/transforms-1/files-1.1/jetified-MediaPicker-1.1.2.aar/d56a4e570fd4efeea0e79a144e1b1ce8/jars/classes.jar
7f0dfc979000-7f0dfc983000 r--s 00077000 08:14 8793385                    /home/marco/.gradle/caches/transforms-1/files-1.1/material-1.0.0-rc01.aar/753dddb7337e1c41bae0340fff6ad650/jars/classes.jar
7f0dfc983000-7f0dfc984000 r--s 00004000 08:14 8793374                    /home/marco/.gradle/caches/transforms-1/files-1.1/jetified-gifdecoder-4.8.0.aar/7e5d70e083365af25abcde02021b7016/jars/classes.jar
7f0dfc984000-7f0dfc993000 r--s 00093000 08:14 6685691                    /home/marco/.gradle/caches/transforms-1/files-1.1/jetified-glide-4.8.0.aar/81cf7c0fc0e0edb02d1120438ef09000/jars/classes.jar
7f0dfc993000-7f0dfc99b000 r--s 00064000 08:14 8793635                    /home/marco/.gradle/caches/transforms-1/files-1.1/jetified-facebook-core-4.38.1.aar/75e466f83a5bad806029dee8fc705638/jars/classes.jar
7f0dfc99b000-7f0dfc99d000 r--s 00005000 08:14 8793344                    /home/marco/.gradle/caches/transforms-1/files-1.1/jetified-facebook-marketing-4.38.1.aar/03d6127bf434437e9ed87df15f786ad3/jars/classes.jar
7f0dfc99d000-7f0dfc99e000 r--s 00002000 08:14 6821642                    /home/marco/.gradle/caches/transforms-1/files-1.1/facebook-messenger-4.38.1.aar/cf79bbcbbf47496cd7c7648eee80f46f/jars/classes.jar
7f0dfc99e000-7f0dfc99f000 r--s 00003000 08:14 6426424                    /home/marco/.gradle/caches/transforms-1/files-1.1/facebook-applinks-4.38.1.aar/50d291f2b65b92346e4f003c310111db/jars/classes.jar
7f0dfc99f000-7f0dfc9a1000 r--s 0000d000 08:14 5899109                    /home/marco/.gradle/caches/transforms-1/files-1.1/facebook-places-4.38.1.aar/c4353163b24972473323447d727bb5a4/jars/classes.jar
7f0dfc9a1000-7f0dfc9aa000 r--s 00060000 08:14 8793752                    /home/marco/.gradle/caches/transforms-1/files-1.1/jetified-facebook-common-4.38.1.aar/8ba6b04cab30ad50be75c8819d5fa3b0/jars/classes.jar
7f0dfc9aa000-7f0dfc9ad000 r--s 00016000 08:14 6948931                    /home/marco/.gradle/caches/transforms-1/files-1.1/jetified-facebook-share-4.38.1.aar/89a3287fb7596a7626745e74b23e1735/jars/classes.jar
7f0dfc9ad000-7f0dfc9af000 r--s 00007000 08:14 6948874                    /home/marco/.gradle/caches/transforms-1/files-1.1/jetified-facebook-login-4.38.1.aar/6a745c23810bb71f981769af6e9a16f4/jars/classes.jar
7f0dfc9af000-7f0dfc9b0000 r--s 00000000 08:14 6948686                    /home/marco/.gradle/caches/transforms-1/files-1.1/facebook-android-sdk-4.38.1.aar/13a5bc686dedfd7408421eae9b549d60/jars/classes.jar
7f0dfc9b0000-7f0dfc9b2000 r--s 00001000 08:14 7210789                    /home/marco/Documents/gitlabproject/goin-android/feature_full_image/build/intermediates/intermediate-jars/develop/debug/classes.jar
7f0dfc9b2000-7f0dfc9b4000 r--s 00008000 08:14 7209436                    /home/marco/Documents/gitlabproject/goin-android/feature_configuration/build/intermediates/intermediate-jars/develop/debug/classes.jar
7f0dfc9b4000-7f0dfc9ba000 r--s 00030000 08:14 7210895                    /home/marco/Documents/gitlabproject/goin-android/feature_theater_plays_movies/build/intermediates/intermediate-jars/develop/debug/classes.jar
7f0dfc9ba000-7f0dfc9bd000 r--s 0000f000 08:14 7210889                    /home/marco/Documents/gitlabproject/goin-android/feature_search_location/build/intermediates/intermediate-jars/develop/debug/classes.jar
7f0dfc9bd000-7f0dfc9c0000 ---p 00000000 00:00 0 
7f0dfc9c0000-7f0dfccbe000 rw-p 00000000 00:00 0 
7f0dfccbe000-7f0dfcebe000 rw-p 00000000 00:00 0 
7f0dfcebe000-7f0dfd0be000 rw-p 00000000 00:00 0 
7f0dfd0be000-7f0dfd2be000 rw-p 00000000 00:00 0 
7f0dfd2be000-7f0dfd4be000 rw-p 00000000 00:00 0 
7f0dfd4be000-7f0dfd6be000 rw-p 00000000 00:00 0 
7f0dfd6be000-7f0dfd8be000 rw-p 00000000 00:00 0 
7f0dfd8be000-7f0dfdabe000 rw-p 00000000 00:00 0 
7f0dfdabe000-7f0dfdac0000 r--s 00010000 08:14 7210818                    /home/marco/Documents/gitlabproject/goin-android/feature_place/build/intermediates/intermediate-jars/develop/debug/classes.jar
7f0dfdac0000-7f0dfdac4000 r--s 0001d000 08:14 7210813                    /home/marco/Documents/gitlabproject/goin-android/feature_event/build/intermediates/intermediate-jars/develop/debug/classes.jar
7f0dfdac4000-7f0dfdade000 r--s 0012e000 08:14 7346213                    /home/marco/Documents/gitlabproject/goin-android/legacy/build/intermediates/intermediate-jars/develop/debug/classes.jar
7f0dfdade000-7f0dfdae1000 ---p 00000000 00:00 0 
7f0dfdae1000-7f0dfdddf000 rw-p 00000000 00:00 0 
7f0dfdddf000-7f0dfdfdf000 rw-p 00000000 00:00 0 
7f0dfdfdf000-7f0dfe1dd000 rw-p 00000000 00:00 0 
7f0dfe1dd000-7f0dfe1df000 ---p 00000000 00:00 0 
7f0dfe1df000-7f0dfe3df000 rw-p 00000000 00:00 0 
7f0dfe3df000-7f0dfe5df000 rw-p 00000000 00:00 0 
7f0dfe5df000-7f0dfe5e0000 r--s 00001000 08:14 6948675                    /home/marco/.gradle/caches/transforms-1/files-1.1/crashlytics-2.6.8.aar/d4c62b3314bfb258bc5f1638ef85d612/jars/classes.jar
7f0dfe5e0000-7f0dfe5e3000 r--s 0000e000 08:14 7210829                    /home/marco/Documents/gitlabproject/goin-android/feature_search_event/build/intermediates/intermediate-jars/develop/debug/classes.jar
7f0dfe5e3000-7f0dfe5e6000 r--s 00012000 08:14 7209437                    /home/marco/Documents/gitlabproject/goin-android/feature_home/build/intermediates/intermediate-jars/develop/debug/classes.jar
7f0dfe5e6000-7f0dfe5e8000 r--s 00008000 08:14 7210805                    /home/marco/Documents/gitlabproject/goin-android/feature_all_categories/build/intermediates/intermediate-jars/develop/debug/classes.jar
7f0dfe5e8000-7f0dfe5eb000 r--s 0000c000 08:14 7210800                    /home/marco/Documents/gitlabproject/goin-android/feature_notifications/build/intermediates/intermediate-jars/develop/debug/classes.jar
7f0dfe5eb000-7f0dfe5ec000 r--s 00008000 08:14 7210893                    /home/marco/Documents/gitlabproject/goin-android/feature_terms/build/intermediates/intermediate-jars/develop/debug/classes.jar
7f0dfe5ec000-7f0dfe5ed000 r--s 00006000 08:14 9060469                    /home/marco/.gradle/caches/transforms-1/files-1.1/multidex-2.0.0.aar/99092fea5d3dd725fb2c1727477e6b48/jars/classes.jar
7f0dfe5ed000-7f0dfe5f0000 r--s 00016000 08:14 4723263                    /home/marco/Documents/gitlabproject/goin-android/base/build/intermediates/intermediate-jars/develop/debug/classes.jar
7f0dfe5f0000-7f0dfe5f2000 r--s 00008000 08:14 7210795                    /home/marco/Documents/gitlabproject/goin-android/component_rest_api/build/intermediates/intermediate-jars/develop/debug/classes.jar
7f0dfe5f2000-7f0dfe5f3000 r--s 00007000 08:14 4596362                    /home/marco/Documents/gitlabproject/goin-android/feature_change_password/build/intermediates/intermediate-jars/develop/debug/classes.jar
7f0dfe5f3000-7f0dfe5f4000 r--s 00000000 08:14 7210793                    /home/marco/Documents/gitlabproject/goin-android/component_deep_link/build/intermediates/intermediate-jars/develop/debug/classes.jar
7f0dfe5f4000-7f0dfe5f5000 r--s 00003000 08:14 4596377                    /home/marco/Documents/gitlabproject/goin-android/feature_welcome/build/intermediates/intermediate-jars/develop/debug/classes.jar
7f0dfe5f5000-7f0dfe5f8000 r--s 00015000 08:14 7344881                    /home/marco/Documents/gitlabproject/goin-android/feature_wallet/build/intermediates/intermediate-jars/develop/debug/classes.jar
7f0dfe5f8000-7f0dfe7f8000 rw-p 00000000 00:00 0 
7f0dfe7f8000-7f0dfe9f8000 rw-p 00000000 00:00 0 
7f0dfe9f8000-7f0dfebf8000 rw-p 00000000 00:00 0 
7f0dfebf8000-7f0dfedf8000 rw-p 00000000 00:00 0 
7f0dfedf8000-7f0dfeff8000 rw-p 00000000 00:00 0 
7f0dfeff8000-7f0dfeffb000 ---p 00000000 00:00 0 
7f0dfeffb000-7f0dff2f9000 rw-p 00000000 00:00 0 
7f0dff2f9000-7f0dff4f9000 rw-p 00000000 00:00 0 
7f0dff4f9000-7f0dff6f9000 rw-p 00000000 00:00 0 
7f0dff6f9000-7f0dff6fc000 ---p 00000000 00:00 0 
7f0dff6fc000-7f0dff7fa000 rw-p 00000000 00:00 0 
7f0dff7fa000-7f0dff7fd000 ---p 00000000 00:00 0 
7f0dff7fd000-7f0dff8fb000 rw-p 00000000 00:00 0 
7f0dff8fb000-7f0dff8fe000 ---p 00000000 00:00 0 
7f0dff8fe000-7f0dff9fc000 rw-p 00000000 00:00 0 
7f0dff9fc000-7f0dff9ff000 ---p 00000000 00:00 0 
7f0dff9ff000-7f0dffcfd000 rw-p 00000000 00:00 0 
7f0dffcfd000-7f0dffd00000 ---p 00000000 00:00 0 
7f0dffd00000-7f0dffdfe000 rw-p 00000000 00:00 0 
7f0dffdfe000-7f0dffe01000 ---p 00000000 00:00 0 
7f0dffe01000-7f0dffeff000 rw-p 00000000 00:00 0 
7f0dffeff000-7f0dfff02000 ---p 00000000 00:00 0 
7f0dfff02000-7f0e00000000 rw-p 00000000 00:00 0 
7f0e00000000-7f0e00021000 rw-p 00000000 00:00 0 
7f0e00021000-7f0e04000000 ---p 00000000 00:00 0 
7f0e04000000-7f0e0428c000 rw-p 00000000 00:00 0 
7f0e0428c000-7f0e08000000 ---p 00000000 00:00 0 
7f0e08000000-7f0e08021000 rw-p 00000000 00:00 0 
7f0e08021000-7f0e0c000000 ---p 00000000 00:00 0 
7f0e0c000000-7f0e0c021000 rw-p 00000000 00:00 0 
7f0e0c021000-7f0e10000000 ---p 00000000 00:00 0 
7f0e10000000-7f0e11526000 rw-p 00000000 00:00 0 
7f0e11526000-7f0e14000000 ---p 00000000 00:00 0 
7f0e14000000-7f0e1511d000 rw-p 00000000 00:00 0 
7f0e1511d000-7f0e18000000 ---p 00000000 00:00 0 
7f0e18000000-7f0e19992000 rw-p 00000000 00:00 0 
7f0e19992000-7f0e1c000000 ---p 00000000 00:00 0 
7f0e1c000000-7f0e1c021000 rw-p 00000000 00:00 0 
7f0e1c021000-7f0e20000000 ---p 00000000 00:00 0 
7f0e20000000-7f0e20021000 rw-p 00000000 00:00 0 
7f0e20021000-7f0e24000000 ---p 00000000 00:00 0 
7f0e24000000-7f0e24021000 rw-p 00000000 00:00 0 
7f0e24021000-7f0e28000000 ---p 00000000 00:00 0 
7f0e28000000-7f0e28328000 rw-p 00000000 00:00 0 
7f0e28328000-7f0e2c000000 ---p 00000000 00:00 0 
7f0e2c000000-7f0e2c007000 r--s 00043000 08:14 7209433                    /home/marco/Documents/gitlabproject/goin-android/feature_feed/build/intermediates/intermediate-jars/develop/debug/classes.jar
7f0e2c007000-7f0e2c009000 r--s 00004000 08:14 7209086                    /home/marco/Documents/gitlabproject/goin-android/component_navigation/build/intermediates/intermediate-jars/develop/debug/classes.jar
7f0e2c009000-7f0e2c00c000 r--s 0000e000 08:14 9448134                    /home/marco/.gradle/caches/transforms-1/files-1.1/databinding-runtime-3.3.0.aar/f6189800d386a97061c41d76bbeb49f3/jars/classes.jar
7f0e2c00c000-7f0e2c00f000 r--s 00011000 08:14 9316296                    /home/marco/.gradle/caches/transforms-1/files-1.1/databinding-adapters-3.3.0.aar/531ef25b6bdaf6a8839e2921550a776e/jars/classes.jar
7f0e2c00f000-7f0e2c010000 r--s 00003000 08:14 6948656                    /home/marco/.gradle/caches/transforms-1/files-1.1/jetified-installreferrer-1.0.aar/47353b29f9415f8aa189a658c07213a1/jars/classes.jar
7f0e2c010000-7f0e2c015000 r--s 0002b000 08:14 5249773                    /home/marco/.gradle/caches/transforms-1/files-1.1/adjust-android-4.14.0.jar/2312233db045926f7504b7fe2dc92ee0/jetified-adjust-android-4.14.0.jar
7f0e2c015000-7f0e2c01a000 r--s 00048000 08:14 8793358                    /home/marco/.gradle/caches/transforms-1/files-1.1/jetified-library-3.0.4.aar/a4070c79caf3bc4060caf4384a0a613f/jars/classes.jar
7f0e2c01a000-7f0e2c01c000 r--s 00009000 08:14 4596375                    /home/marco/Documents/gitlabproject/goin-android/feature_splash/build/intermediates/intermediate-jars/develop/debug/classes.jar
7f0e2c01c000-7f0e2c023000 r--s 00039000 08:14 7210816                    /home/marco/Documents/gitlabproject/goin-android/feature_login/build/intermediates/intermediate-jars/develop/debug/classes.jar
7f0e2c023000-7f0e2c02a000 r--s 0001e000 08:14 7885660                    /home/marco/.gradle/caches/modules-2/files-2.1/org.jetbrains.kotlin/kotlin-stdlib-common/1.3.11/d8b8e746e279f1c4f5e08bc14a96b82e6bb1de02/kotlin-stdlib-common-1.3.11.jar
7f0e2c02a000-7f0e2c02c000 r--s 00001000 08:14 7872185                    /home/marco/.gradle/caches/modules-2/files-2.1/com.google.j2objc/j2objc-annotations/1.1/976d8d30bebc251db406f2bdb3eb01962b5685b3/j2objc-annotations-1.1.jar
7f0e2c02c000-7f0e2c036000 r--s 00026000 08:14 7885659                    /home/marco/.gradle/caches/modules-2/files-2.1/org.checkerframework/checker-qual/2.5.2/cea74543d5904a30861a61b4643a5f2bb372efc4/checker-qual-2.5.2.jar
7f0e2c036000-7f0e2c049000 r--s 0010e000 08:14 7885649                    /home/marco/.gradle/caches/modules-2/files-2.1/org.jetbrains.kotlin/kotlin-stdlib/1.3.11/4cbc5922a54376018307a731162ccaf3ef851a39/kotlin-stdlib-1.3.11.jar
7f0e2c049000-7f0e2c07e000 r--s 00271000 08:14 10230442                   /home/marco/.gradle/caches/transforms-1/files-1.1/guava-26.0-jre.jar/da9e48b10e54009c2c69f6e0286512fb/jetified-guava-26.0-jre.jar
7f0e2c07e000-7f0e2c081000 ---p 00000000 00:00 0 
7f0e2c081000-7f0e38000000 rw-p 00000000 00:00 0 
7f0e38000000-7f0e38021000 rw-p 00000000 00:00 0 
7f0e38021000-7f0e3c000000 ---p 00000000 00:00 0 
7f0e3c000000-7f0e3c001000 r--s 00000000 08:14 7872186                    /home/marco/.gradle/caches/modules-2/files-2.1/org.codehaus.mojo/animal-sniffer-annotations/1.14/775b7e22fb10026eed3f86e8dc556dfafe35f2d5/animal-sniffer-annotations-1.14.jar
7f0e3c001000-7f0e3c003000 r--s 00002000 08:14 10230418                   /home/marco/.gradle/caches/transforms-1/files-1.1/error_prone_annotations-2.1.3.jar/0b920fd3190ea92da673df52bf75f135/jetified-error_prone_annotations-2.1.3.jar
7f0e3c003000-7f0e3c005000 r--s 00003000 08:14 7885658                    /home/marco/.gradle/caches/modules-2/files-2.1/com.google.code.findbugs/jsr305/3.0.2/25ea2e8b0c338a877313bd4672d3fe056ea78f0d/jsr305-3.0.2.jar
7f0e3c005000-7f0e3c006000 r--s 00000000 08:14 7885648                    /home/marco/.gradle/caches/modules-2/files-2.1/org.jetbrains.kotlin/kotlin-stdlib-jdk7/1.3.11/4839661cf6ce3c14b65ed7dcf5b9249b44ecca16/kotlin-stdlib-jdk7-1.3.11.jar
7f0e3c006000-7f0e3c00b000 r--s 00035000 08:14 10230419                   /home/marco/.gradle/caches/transforms-1/files-1.1/gson-2.8.0.jar/74ba76390c3fb17a81ae422b3591e53b/jetified-gson-2.8.0.jar
7f0e3c00b000-7f0e3c00e000 r--s 0001c000 08:14 7885646                    /home/marco/.gradle/caches/modules-2/files-2.1/com.android.tools.build.jetifier/jetifier-core/1.0.0-beta02/fa93fdb83bdfd51e80e09a808fb2515a7134d406/jetifier-core-1.0.0-beta02.jar
7f0e3c00e000-7f0e3c010000 r--s 00015000 08:14 10230462                   /home/marco/.gradle/caches/transforms-1/files-1.1/javapoet-1.8.0.jar/af2b14beb64b92f4c991530110eee450/jetified-javapoet-1.8.0.jar
7f0e3c010000-7f0e3c028000 r--s 00156000 08:14 10230428                   /home/marco/.gradle/caches/transforms-1/files-1.1/antlr4-4.5.3.jar/3d5dc760631c377e003eb7f5e409ecc8/jetified-antlr4-4.5.3.jar
7f0e3c028000-7f0e3c02e000 r--s 0003c000 08:14 10230422                   /home/marco/.gradle/caches/transforms-1/files-1.1/commons-codec-1.9.jar/16d37faca949e86104a9e8fc11ca7bb5/jetified-commons-codec-1.9.jar
7f0e3c02e000-7f0e3c035000 r--s 00052000 08:14 7885633                    /home/marco/.gradle/caches/modules-2/files-2.1/androidx.databinding/databinding-compiler-common/3.3.0/d940cafe799b457249e57fbc87eb9b7e656c1fc7/databinding-compiler-common-3.3.0.jar
7f0e3c035000-7f0e3c040000 r--s 000fd000 08:14 7884562                    /home/marco/.gradle/caches/modules-2/files-2.1/androidx.databinding/databinding-compiler/3.3.0/25f99ed340a7437bcad69b5464632cfcbddac420/databinding-compiler-3.3.0.jar
7f0e3c040000-7f0e3c046000 r--s 00016000 08:14 7882284                    /home/marco/.gradle/caches/modules-2/files-2.1/org.jetbrains.kotlin/kotlin-stdlib-common/1.2.71/ba18ca1aa0e40eb6f1865b324af2f4cbb691c1ec/kotlin-stdlib-common-1.2.71.jar
7f0e3c046000-7f0e3c056000 r--s 000db000 08:14 7882266                    /home/marco/.gradle/caches/modules-2/files-2.1/org.jetbrains.kotlin/kotlin-stdlib/1.2.71/d9717625bb3c731561251f8dd2c67a1011d6764c/kotlin-stdlib-1.2.71.jar
7f0e3c056000-7f0e3c059000 r--s 00011000 08:14 7210821                    /home/marco/Documents/gitlabproject/goin-android/feature_movie_theater/build/intermediates/intermediate-jars/develop/debug/classes.jar
7f0e3c059000-7f0e3c05a000 r--s 00001000 08:14 7885654                    /home/marco/.gradle/caches/modules-2/files-2.1/com.android.tools/annotations/26.3.0/850899c26903b514387f9f437398bc4095a91877/annotations-26.3.0.jar
7f0e3c05a000-7f0e3c05d000 r--s 00033000 08:14 7872178                    /home/marco/.gradle/caches/modules-2/files-2.1/com.googlecode.juniversalchardet/juniversalchardet/1.0.3/cd49678784c46aa8789c060538e0154013bb421b/juniversalchardet-1.0.3.jar
7f0e3c05d000-7f0e3c061000 r--s 00025000 08:14 7882558                    /home/marco/.gradle/caches/modules-2/files-2.1/io.reactivex.rxjava2/rxkotlin/2.3.0/37d8fb3406df28bfc84fa0234b11067931369bc5/rxkotlin-2.3.0.jar
7f0e3c061000-7f0e3c068000 r--s 00038000 08:14 5772560                    /home/marco/.gradle/caches/transforms-1/files-1.1/rxbinding-3.0.0-alpha1.aar/f0e8ab63ba1ab59ded29361d8b324495/jars/classes.jar
7f0e3c068000-7f0e3c06c000 r--s 00023000 08:14 6032259                    /home/marco/.gradle/caches/transforms-1/files-1.1/core-ktx-1.0.1.aar/6085e34c9612f924ac41918abeb86040/jars/classes.jar
7f0e3c06c000-7f0e3c06e000 r--s 00007000 08:14 8793625                    /home/marco/.gradle/caches/transforms-1/files-1.1/rxbinding-appcompat-3.0.0-alpha1.aar/b2cdb1f4016a253e79cd96e517db4111/jars/classes.jar
7f0e3c06e000-7f0e3c071000 r--s 00017000 08:14 7210830                    /home/marco/Documents/gitlabproject/goin-android/feature_search_category/build/intermediates/intermediate-jars/develop/debug/classes.jar
7f0e3c071000-7f0e3c075000 r--s 0002a000 08:14 10230424                   /home/marco/.gradle/caches/transforms-1/files-1.1/commons-io-2.4.jar/4d6b4517af03d4c2e0ed32ae2ef552ab/jetified-commons-io-2.4.jar
7f0e3c075000-7f0e3c07c000 r--s 0004b000 08:14 7883817                    /home/marco/.gradle/caches/modules-2/files-2.1/org.jetbrains.kotlin/kotlin-android-extensions/1.3.0/87970b36b9e1855d0d0e4942865f63a1015026c9/kotlin-android-extensions-1.3.0.jar
7f0e3c07c000-7f0e3c07f000 ---p 00000000 00:00 0 
7f0e3c07f000-7f0e3c17d000 rw-p 00000000 00:00 0 
7f0e3c17d000-7f0e3c1f6000 r--s 010fd000 08:14 11405109                   /opt/android-studio/jre/lib/tools.jar
7f0e3c1f6000-7f0e3c20c000 r-xp 00000000 08:14 11407789                   /opt/android-studio/jre/jre/lib/amd64/libnet.so
7f0e3c20c000-7f0e3c40b000 ---p 00016000 08:14 11407789                   /opt/android-studio/jre/jre/lib/amd64/libnet.so
7f0e3c40b000-7f0e3c40c000 r--p 00015000 08:14 11407789                   /opt/android-studio/jre/jre/lib/amd64/libnet.so
7f0e3c40c000-7f0e3c40d000 rw-p 00016000 08:14 11407789                   /opt/android-studio/jre/jre/lib/amd64/libnet.so
7f0e3c40d000-7f0e3c41e000 r-xp 00000000 08:14 11407791                   /opt/android-studio/jre/jre/lib/amd64/libnio.so
7f0e3c41e000-7f0e3c61d000 ---p 00011000 08:14 11407791                   /opt/android-studio/jre/jre/lib/amd64/libnio.so
7f0e3c61d000-7f0e3c61e000 r--p 00010000 08:14 11407791                   /opt/android-studio/jre/jre/lib/amd64/libnio.so
7f0e3c61e000-7f0e3c61f000 rw-p 00011000 08:14 11407791                   /opt/android-studio/jre/jre/lib/amd64/libnio.so
7f0e3c61f000-7f0e3c628000 r-xp 00000000 08:14 11407797                   /opt/android-studio/jre/jre/lib/amd64/libmanagement.so
7f0e3c628000-7f0e3c827000 ---p 00009000 08:14 11407797                   /opt/android-studio/jre/jre/lib/amd64/libmanagement.so
7f0e3c827000-7f0e3c828000 r--p 00008000 08:14 11407797                   /opt/android-studio/jre/jre/lib/amd64/libmanagement.so
7f0e3c828000-7f0e3c829000 rw-p 00009000 08:14 11407797                   /opt/android-studio/jre/jre/lib/amd64/libmanagement.so
7f0e3c829000-7f0e3c844000 r--s 00394000 08:14 11407860                   /opt/android-studio/jre/jre/lib/ext/cldrdata.jar
7f0e3c844000-7f0e3c87a000 r--s 00250000 08:14 7883816                    /home/marco/.gradle/caches/modules-2/files-2.1/org.jetbrains.kotlin/kotlin-reflect/1.3.0/6fd129fd9ba8581f2cb9c58bfd431dda4ee0457e/kotlin-reflect-1.3.0.jar
7f0e3c87a000-7f0e3c8b9000 rw-p 00000000 00:00 0 
7f0e3c8b9000-7f0e3ca8e000 r--s 01a6d000 08:14 7883818                    /home/marco/.gradle/caches/modules-2/files-2.1/org.jetbrains.kotlin/kotlin-compiler-embeddable/1.3.0/6e8167f9aab0f6cfec309c2722f72dc26572a782/kotlin-compiler-embeddable-1.3.0.jar
7f0e3ca8e000-7f0e3ca8f000 ---p 00000000 00:00 0 
7f0e3ca8f000-7f0e3cb8f000 rw-p 00000000 00:00 0 
7f0e3cb8f000-7f0e3cb92000 ---p 00000000 00:00 0 
7f0e3cb92000-7f0e3cc90000 rw-p 00000000 00:00 0 
7f0e3cc90000-7f0e3cc91000 ---p 00000000 00:00 0 
7f0e3cc91000-7f0e3cc94000 ---p 00000000 00:00 0 
7f0e3cc94000-7f0e3cd91000 rw-p 00000000 00:00 0 
7f0e3cd91000-7f0e3cd92000 ---p 00000000 00:00 0 
7f0e3cd92000-7f0e3cd95000 ---p 00000000 00:00 0 
7f0e3cd95000-7f0e3ce92000 rw-p 00000000 00:00 0 
7f0e3ce92000-7f0e3ce93000 ---p 00000000 00:00 0 
7f0e3ce93000-7f0e3ce96000 ---p 00000000 00:00 0 
7f0e3ce96000-7f0e3cf93000 rw-p 00000000 00:00 0 
7f0e3cf93000-7f0e3cf96000 ---p 00000000 00:00 0 
7f0e3cf96000-7f0e3d094000 rw-p 00000000 00:00 0 
7f0e3d094000-7f0e3da63000 r--p 00000000 08:14 10492542                   /usr/lib/locale/locale-archive
7f0e3da63000-7f0e3da66000 ---p 00000000 00:00 0 
7f0e3da66000-7f0e3db64000 rw-p 00000000 00:00 0 
7f0e3db64000-7f0e3db67000 ---p 00000000 00:00 0 
7f0e3db67000-7f0e3dc65000 rw-p 00000000 00:00 0 
7f0e3dc65000-7f0e3dc66000 ---p 00000000 00:00 0 
7f0e3dc66000-7f0e3ed47000 rw-p 00000000 00:00 0 
7f0e3ed47000-7f0e3ef18000 r--s 03c88000 08:14 11407779                   /opt/android-studio/jre/jre/lib/rt.jar
7f0e3ef18000-7f0e40000000 rw-p 00000000 00:00 0 
7f0e40000000-7f0e40023000 rw-p 00000000 00:00 0 
7f0e40023000-7f0e44000000 ---p 00000000 00:00 0 
7f0e44000000-7f0e44029000 rw-p 00000000 00:00 0 
7f0e44029000-7f0e48000000 ---p 00000000 00:00 0 
7f0e48000000-7f0e48021000 rw-p 00000000 00:00 0 
7f0e48021000-7f0e4c000000 ---p 00000000 00:00 0 
7f0e4c000000-7f0e4c001000 r--s 00003000 08:14 7885657                    /home/marco/.gradle/caches/modules-2/files-2.1/com.android.databinding/baseLibrary/3.3.0/155f0f7d0e66a992de6a8d73b7cbf71ed22ace60/baseLibrary-3.3.0.jar
7f0e4c001000-7f0e4c003000 r--s 00002000 08:14 7885643                    /home/marco/.gradle/caches/modules-2/files-2.1/org.jetbrains.kotlin/kotlin-stdlib-jdk8/1.3.11/dd9bff00d6cfca58b6c1fe89be8e0678e35cf35f/kotlin-stdlib-jdk8-1.3.11.jar
7f0e4c003000-7f0e4c005000 r--s 0000f000 08:14 7210811                    /home/marco/Documents/gitlabproject/goin-android/feature_followings/build/intermediates/intermediate-jars/develop/debug/classes.jar
7f0e4c005000-7f0e4c026000 rw-p 00000000 00:00 0 
7f0e4c026000-7f0e4c027000 ---p 00000000 00:00 0 
7f0e4c027000-7f0e4c1a5000 rw-p 00000000 00:00 0 
7f0e4c1a5000-7f0e4c717000 ---p 00000000 00:00 0 
7f0e4c717000-7f0e4c795000 rw-p 00000000 00:00 0 
7f0e4c795000-7f0e4cd07000 ---p 00000000 00:00 0 
7f0e4cd07000-7f0e4ce0b000 rw-p 00000000 00:00 0 
7f0e4ce0b000-7f0e4cfff000 ---p 00000000 00:00 0 
7f0e4cfff000-7f0e4d000000 rw-p 00000000 00:00 0 
7f0e4d000000-7f0e4f470000 rwxp 00000000 00:00 0 
7f0e4f470000-7f0e5c000000 ---p 00000000 00:00 0 
7f0e5c000000-7f0e5c3c7000 rw-p 00000000 00:00 0 
7f0e5c3c7000-7f0e60000000 ---p 00000000 00:00 0 
7f0e60000000-7f0e60001000 r--s 00003000 08:14 7885656                    /home/marco/.gradle/caches/modules-2/files-2.1/androidx.databinding/databinding-common/3.3.0/9df1ac00e230e8e9aae9c6fae20415ac31dc5253/databinding-common-3.3.0.jar
7f0e60001000-7f0e60006000 r--s 00042000 08:14 7883815                    /home/marco/.gradle/caches/modules-2/files-2.1/org.jetbrains.kotlin/kotlin-annotation-processing-gradle/1.3.0/d348139d1750895f6081773c5ef6392cba7139ae/kotlin-annotation-processing-gradle-1.3.0.jar
7f0e60006000-7f0e6000b000 r--s 0009a000 08:14 11407781                   /opt/android-studio/jre/jre/lib/jsse.jar
7f0e6000b000-7f0e6000d000 r--s 00003000 08:14 7872191                    /home/marco/.gradle/caches/modules-2/files-2.1/org.jetbrains/annotations/13.0/919f0dfe192fb4e063e7dacadee7f8bb9a2672a9/annotations-13.0.jar
7f0e6000d000-7f0e60020000 r--s 0010e000 08:14 7883819                    /home/marco/.gradle/caches/modules-2/files-2.1/org.jetbrains.kotlin/kotlin-stdlib/1.3.0/a134b0cfe9bb44f98b0b3e889cda07923eea9428/kotlin-stdlib-1.3.0.jar
7f0e60020000-7f0e60096000 rw-p 00000000 00:00 0 
7f0e60096000-7f0e60097000 ---p 00000000 00:00 0 
7f0e60097000-7f0e60197000 rw-p 00000000 00:00 0 
7f0e60197000-7f0e60198000 ---p 00000000 00:00 0 
7f0e60198000-7f0e60298000 rw-p 00000000 00:00 0 
7f0e60298000-7f0e60299000 ---p 00000000 00:00 0 
7f0e60299000-7f0e6042b000 rw-p 00000000 00:00 0 
7f0e6042b000-7f0e60759000 ---p 00000000 00:00 0 
7f0e60759000-7f0e60773000 r-xp 00000000 08:14 11407790                   /opt/android-studio/jre/jre/lib/amd64/libzip.so
7f0e60773000-7f0e60972000 ---p 0001a000 08:14 11407790                   /opt/android-studio/jre/jre/lib/amd64/libzip.so
7f0e60972000-7f0e60973000 r--p 00019000 08:14 11407790                   /opt/android-studio/jre/jre/lib/amd64/libzip.so
7f0e60973000-7f0e60974000 rw-p 0001a000 08:14 11407790                   /opt/android-studio/jre/jre/lib/amd64/libzip.so
7f0e60974000-7f0e6097f000 r-xp 00000000 08:14 11932352                   /lib/x86_64-linux-gnu/libnss_files-2.27.so
7f0e6097f000-7f0e60b7e000 ---p 0000b000 08:14 11932352                   /lib/x86_64-linux-gnu/libnss_files-2.27.so
7f0e60b7e000-7f0e60b7f000 r--p 0000a000 08:14 11932352                   /lib/x86_64-linux-gnu/libnss_files-2.27.so
7f0e60b7f000-7f0e60b80000 rw-p 0000b000 08:14 11932352                   /lib/x86_64-linux-gnu/libnss_files-2.27.so
7f0e60b80000-7f0e60b86000 rw-p 00000000 00:00 0 
7f0e60b86000-7f0e60b9d000 r-xp 00000000 08:14 11932346                   /lib/x86_64-linux-gnu/libnsl-2.27.so
7f0e60b9d000-7f0e60d9c000 ---p 00017000 08:14 11932346                   /lib/x86_64-linux-gnu/libnsl-2.27.so
7f0e60d9c000-7f0e60d9d000 r--p 00016000 08:14 11932346                   /lib/x86_64-linux-gnu/libnsl-2.27.so
7f0e60d9d000-7f0e60d9e000 rw-p 00017000 08:14 11932346                   /lib/x86_64-linux-gnu/libnsl-2.27.so
7f0e60d9e000-7f0e60da0000 rw-p 00000000 00:00 0 
7f0e60da0000-7f0e60dab000 r-xp 00000000 08:14 11932363                   /lib/x86_64-linux-gnu/libnss_nis-2.27.so
7f0e60dab000-7f0e60faa000 ---p 0000b000 08:14 11932363                   /lib/x86_64-linux-gnu/libnss_nis-2.27.so
7f0e60faa000-7f0e60fab000 r--p 0000a000 08:14 11932363                   /lib/x86_64-linux-gnu/libnss_nis-2.27.so
7f0e60fab000-7f0e60fac000 rw-p 0000b000 08:14 11932363                   /lib/x86_64-linux-gnu/libnss_nis-2.27.so
7f0e60fac000-7f0e60fb4000 r-xp 00000000 08:14 11932348                   /lib/x86_64-linux-gnu/libnss_compat-2.27.so
7f0e60fb4000-7f0e611b4000 ---p 00008000 08:14 11932348                   /lib/x86_64-linux-gnu/libnss_compat-2.27.so
7f0e611b4000-7f0e611b5000 r--p 00008000 08:14 11932348                   /lib/x86_64-linux-gnu/libnss_compat-2.27.so
7f0e611b5000-7f0e611b6000 rw-p 00009000 08:14 11932348                   /lib/x86_64-linux-gnu/libnss_compat-2.27.so
7f0e611b6000-7f0e611e3000 r-xp 00000000 08:14 11407787                   /opt/android-studio/jre/jre/lib/amd64/libjava.so
7f0e611e3000-7f0e613e2000 ---p 0002d000 08:14 11407787                   /opt/android-studio/jre/jre/lib/amd64/libjava.so
7f0e613e2000-7f0e613e3000 r--p 0002c000 08:14 11407787                   /opt/android-studio/jre/jre/lib/amd64/libjava.so
7f0e613e3000-7f0e613e5000 rw-p 0002d000 08:14 11407787                   /opt/android-studio/jre/jre/lib/amd64/libjava.so
7f0e613e5000-7f0e613f6000 r-xp 00000000 08:14 11407813                   /opt/android-studio/jre/jre/lib/amd64/libverify.so
7f0e613f6000-7f0e615f5000 ---p 00011000 08:14 11407813                   /opt/android-studio/jre/jre/lib/amd64/libverify.so
7f0e615f5000-7f0e615f7000 r--p 00010000 08:14 11407813                   /opt/android-studio/jre/jre/lib/amd64/libverify.so
7f0e615f7000-7f0e615f8000 rw-p 00012000 08:14 11407813                   /opt/android-studio/jre/jre/lib/amd64/libverify.so
7f0e615f8000-7f0e615ff000 r-xp 00000000 08:14 11932403                   /lib/x86_64-linux-gnu/librt-2.27.so
7f0e615ff000-7f0e617fe000 ---p 00007000 08:14 11932403                   /lib/x86_64-linux-gnu/librt-2.27.so
7f0e617fe000-7f0e617ff000 r--p 00006000 08:14 11932403                   /lib/x86_64-linux-gnu/librt-2.27.so
7f0e617ff000-7f0e61800000 rw-p 00007000 08:14 11932403                   /lib/x86_64-linux-gnu/librt-2.27.so
7f0e61800000-7f0e6199d000 r-xp 00000000 08:14 11932325                   /lib/x86_64-linux-gnu/libm-2.27.so
7f0e6199d000-7f0e61b9c000 ---p 0019d000 08:14 11932325                   /lib/x86_64-linux-gnu/libm-2.27.so
7f0e61b9c000-7f0e61b9d000 r--p 0019c000 08:14 11932325                   /lib/x86_64-linux-gnu/libm-2.27.so
7f0e61b9d000-7f0e61b9e000 rw-p 0019d000 08:14 11932325                   /lib/x86_64-linux-gnu/libm-2.27.so
7f0e61b9e000-7f0e6280a000 r-xp 00000000 08:14 11407816                   /opt/android-studio/jre/jre/lib/amd64/server/libjvm.so
7f0e6280a000-7f0e62a0a000 ---p 00c6c000 08:14 11407816                   /opt/android-studio/jre/jre/lib/amd64/server/libjvm.so
7f0e62a0a000-7f0e62a9e000 r--p 00c6c000 08:14 11407816                   /opt/android-studio/jre/jre/lib/amd64/server/libjvm.so
7f0e62a9e000-7f0e62ac6000 rw-p 00d00000 08:14 11407816                   /opt/android-studio/jre/jre/lib/amd64/server/libjvm.so
7f0e62ac6000-7f0e62af7000 rw-p 00000000 00:00 0 
7f0e62af7000-7f0e62cde000 r-xp 00000000 08:14 11932262                   /lib/x86_64-linux-gnu/libc-2.27.so
7f0e62cde000-7f0e62ede000 ---p 001e7000 08:14 11932262                   /lib/x86_64-linux-gnu/libc-2.27.so
7f0e62ede000-7f0e62ee2000 r--p 001e7000 08:14 11932262                   /lib/x86_64-linux-gnu/libc-2.27.so
7f0e62ee2000-7f0e62ee4000 rw-p 001eb000 08:14 11932262                   /lib/x86_64-linux-gnu/libc-2.27.so
7f0e62ee4000-7f0e62ee8000 rw-p 00000000 00:00 0 
7f0e62ee8000-7f0e62eeb000 r-xp 00000000 08:14 11932285                   /lib/x86_64-linux-gnu/libdl-2.27.so
7f0e62eeb000-7f0e630ea000 ---p 00003000 08:14 11932285                   /lib/x86_64-linux-gnu/libdl-2.27.so
7f0e630ea000-7f0e630eb000 r--p 00002000 08:14 11932285                   /lib/x86_64-linux-gnu/libdl-2.27.so
7f0e630eb000-7f0e630ec000 rw-p 00003000 08:14 11932285                   /lib/x86_64-linux-gnu/libdl-2.27.so
7f0e630ec000-7f0e63102000 r-xp 00000000 08:14 11407822                   /opt/android-studio/jre/jre/lib/amd64/jli/libjli.so
7f0e63102000-7f0e63302000 ---p 00016000 08:14 11407822                   /opt/android-studio/jre/jre/lib/amd64/jli/libjli.so
7f0e63302000-7f0e63303000 r--p 00016000 08:14 11407822                   /opt/android-studio/jre/jre/lib/amd64/jli/libjli.so
7f0e63303000-7f0e63304000 rw-p 00017000 08:14 11407822                   /opt/android-studio/jre/jre/lib/amd64/jli/libjli.so
7f0e63304000-7f0e6331e000 r-xp 00000000 08:14 11932395                   /lib/x86_64-linux-gnu/libpthread-2.27.so
7f0e6331e000-7f0e6351d000 ---p 0001a000 08:14 11932395                   /lib/x86_64-linux-gnu/libpthread-2.27.so
7f0e6351d000-7f0e6351e000 r--p 00019000 08:14 11932395                   /lib/x86_64-linux-gnu/libpthread-2.27.so
7f0e6351e000-7f0e6351f000 rw-p 0001a000 08:14 11932395                   /lib/x86_64-linux-gnu/libpthread-2.27.so
7f0e6351f000-7f0e63523000 rw-p 00000000 00:00 0 
7f0e63523000-7f0e6354a000 r-xp 00000000 08:14 11932234                   /lib/x86_64-linux-gnu/ld-2.27.so
7f0e6354a000-7f0e63551000 r--s 0001e000 08:14 7883824                    /home/marco/.gradle/caches/modules-2/files-2.1/org.jetbrains.kotlin/kotlin-stdlib-common/1.3.0/84a2e0288dc17cd64d692eb1e5e0de8cd5ff0846/kotlin-stdlib-common-1.3.0.jar
7f0e63551000-7f0e63553000 r--s 00009000 08:14 7883825                    /home/marco/.gradle/caches/modules-2/files-2.1/org.jetbrains.kotlin/kotlin-script-runtime/1.3.0/c7173ea6208fa189fb56d679624fbc5e2026187f/kotlin-script-runtime-1.3.0.jar
7f0e63553000-7f0e63630000 rw-p 00000000 00:00 0 
7f0e63630000-7f0e63631000 ---p 00000000 00:00 0 
7f0e63631000-7f0e63634000 ---p 00000000 00:00 0 
7f0e63634000-7f0e63735000 rw-p 00000000 00:00 0 
7f0e63735000-7f0e63736000 r--s 00001000 08:14 5249776                    /home/marco/.gradle/caches/transforms-1/files-1.1/rxbinding-core-3.0.0-alpha1.aar/13cc07a1531b0e72b854850f56d3e5b9/jars/classes.jar
7f0e63736000-7f0e63740000 r--s 00116000 08:14 11407866                   /opt/android-studio/jre/jre/lib/ext/localedata.jar
7f0e63740000-7f0e63748000 rw-s 00000000 08:14 8791624                    /tmp/hsperfdata_marco/8679
7f0e63748000-7f0e63749000 rw-p 00000000 00:00 0 
7f0e63749000-7f0e6374a000 ---p 00000000 00:00 0 
7f0e6374a000-7f0e6374b000 r--p 00027000 08:14 11932234                   /lib/x86_64-linux-gnu/ld-2.27.so
7f0e6374b000-7f0e6374c000 rw-p 00028000 08:14 11932234                   /lib/x86_64-linux-gnu/ld-2.27.so
7f0e6374c000-7f0e6374d000 rw-p 00000000 00:00 0 
7ffc3c686000-7ffc3c6a8000 rw-p 00000000 00:00 0                          [stack]
7ffc3c6b8000-7ffc3c6bb000 r--p 00000000 00:00 0                          [vvar]
7ffc3c6bb000-7ffc3c6bd000 r-xp 00000000 00:00 0                          [vdso]
ffffffffff600000-ffffffffff601000 r-xp 00000000 00:00 0                  [vsyscall]

VM Arguments:
jvm_args: -Djava.awt.headless=true -Djava.rmi.server.hostname=127.0.0.1 -Xmx4560m -Dkotlin.environment.keepalive 
java_command: org.jetbrains.kotlin.daemon.KotlinCompileDaemon --daemon-runFilesPath /home/marco/.local/share/kotlin/daemon --daemon-autoshutdownIdleSeconds=7200 --daemon-compilerClasspath /home/marco/.gradle/caches/modules-2/files-2.1/org.jetbrains.kotlin/kotlin-compiler-embeddable/1.3.0/6e8167f9aab0f6cfec309c2722f72dc26572a782/kotlin-compiler-embeddable-1.3.0.jar:/home/marco/.gradle/caches/modules-2/files-2.1/org.jetbrains.kotlin/kotlin-reflect/1.3.0/6fd129fd9ba8581f2cb9c58bfd431dda4ee0457e/kotlin-reflect-1.3.0.jar:/home/marco/.gradle/caches/modules-2/files-2.1/org.jetbrains.kotlin/kotlin-stdlib/1.3.0/a134b0cfe9bb44f98b0b3e889cda07923eea9428/kotlin-stdlib-1.3.0.jar:/home/marco/.gradle/caches/modules-2/files-2.1/org.jetbrains.kotlin/kotlin-script-runtime/1.3.0/c7173ea6208fa189fb56d679624fbc5e2026187f/kotlin-script-runtime-1.3.0.jar:/home/marco/.gradle/caches/modules-2/files-2.1/org.jetbrains.kotlin/kotlin-stdlib-common/1.3.0/84a2e0288dc17cd64d692eb1e5e0de8cd5ff0846/kotlin-stdlib-common-1.3.0.jar:/home/marco/.gradle/caches/modules-2/files-2.1/org.jetbrains/annotations/13.0/919f0dfe192fb4e063e7dacadee7f8bb9a2672a9/annotations-13.0.jar:/opt/android-studio/jre/lib/tools.jar
java_class_path (initial): /home/marco/.gradle/caches/modules-2/files-2.1/org.jetbrains.kotlin/kotlin-compiler-embeddable/1.3.0/6e8167f9aab0f6cfec309c2722f72dc26572a782/kotlin-compiler-embeddable-1.3.0.jar:/home/marco/.gradle/caches/modules-2/files-2.1/org.jetbrains.kotlin/kotlin-reflect/1.3.0/6fd129fd9ba8581f2cb9c58bfd431dda4ee0457e/kotlin-reflect-1.3.0.jar:/home/marco/.gradle/caches/modules-2/files-2.1/org.jetbrains.kotlin/kotlin-stdlib/1.3.0/a134b0cfe9bb44f98b0b3e889cda07923eea9428/kotlin-stdlib-1.3.0.jar:/home/marco/.gradle/caches/modules-2/files-2.1/org.jetbrains.kotlin/kotlin-script-runtime/1.3.0/c7173ea6208fa189fb56d679624fbc5e2026187f/kotlin-script-runtime-1.3.0.jar:/home/marco/.gradle/caches/modules-2/files-2.1/org.jetbrains.kotlin/kotlin-stdlib-common/1.3.0/84a2e0288dc17cd64d692eb1e5e0de8cd5ff0846/kotlin-stdlib-common-1.3.0.jar:/home/marco/.gradle/caches/modules-2/files-2.1/org.jetbrains/annotations/13.0/919f0dfe192fb4e063e7dacadee7f8bb9a2672a9/annotations-13.0.jar:/opt/android-studio/jre/lib/tools.jar
Launcher Type: SUN_STANDARD

Environment Variables:
PATH=/usr/local/sbin:/usr/local/bin:/usr/sbin:/usr/bin:/sbin:/bin:/usr/games:/usr/local/games:/snap/bin
USERNAME=marco
SHELL=/bin/bash
DISPLAY=:0

Signal Handlers:
SIGSEGV: [libjvm.so+0xa71660], sa_mask[0]=11111111011111111101111111111110, sa_flags=SA_RESTART|SA_SIGINFO
SIGBUS: [libjvm.so+0xa71660], sa_mask[0]=11111111011111111101111111111110, sa_flags=SA_RESTART|SA_SIGINFO
SIGFPE: [libjvm.so+0x8b1770], sa_mask[0]=11111111011111111101111111111110, sa_flags=SA_RESTART|SA_SIGINFO
SIGPIPE: [libjvm.so+0x8b1770], sa_mask[0]=11111111011111111101111111111110, sa_flags=SA_RESTART|SA_SIGINFO
SIGXFSZ: [libjvm.so+0x8b1770], sa_mask[0]=11111111011111111101111111111110, sa_flags=SA_RESTART|SA_SIGINFO
SIGILL: [libjvm.so+0x8b1770], sa_mask[0]=11111111011111111101111111111110, sa_flags=SA_RESTART|SA_SIGINFO
SIGUSR1: SIG_DFL, sa_mask[0]=00000000000000000000000000000000, sa_flags=none
SIGUSR2: [libjvm.so+0x8b1640], sa_mask[0]=00100000000000000000000000000000, sa_flags=SA_RESTART|SA_SIGINFO
SIGHUP: [libjvm.so+0x8b1aa0], sa_mask[0]=11111111011111111101111111111110, sa_flags=SA_RESTART|SA_SIGINFO
SIGINT: [libjvm.so+0x8b1aa0], sa_mask[0]=11111111011111111101111111111110, sa_flags=SA_RESTART|SA_SIGINFO
SIGTERM: [libjvm.so+0x8b1aa0], sa_mask[0]=11111111011111111101111111111110, sa_flags=SA_RESTART|SA_SIGINFO
SIGQUIT: [libjvm.so+0x8b1aa0], sa_mask[0]=11111111011111111101111111111110, sa_flags=SA_RESTART|SA_SIGINFO


---------------  S Y S T E M  ---------------

OS:DISTRIB_ID=Ubuntu
DISTRIB_RELEASE=18.04
DISTRIB_CODENAME=bionic
DISTRIB_DESCRIPTION="Ubuntu 18.04.1 LTS"

uname:Linux 4.15.0-45-generic #48-Ubuntu SMP Tue Jan 29 16:28:13 UTC 2019 x86_64
libc:glibc 2.27 NPTL 2.27 
rlimit: STACK 8192k, CORE 0k, NPROC 30287, NOFILE 1048576, AS infinity
load average:4,52 2,88 2,78

/proc/meminfo:
MemTotal:        8046612 kB
MemFree:          105692 kB
MemAvailable:      18568 kB
Buffers:             780 kB
Cached:           132504 kB
SwapCached:         2444 kB
Active:          6811752 kB
Inactive:         874144 kB
Active(anon):    6784464 kB
Inactive(anon):   848120 kB
Active(file):      27288 kB
Inactive(file):    26024 kB
Unevictable:          40 kB
Mlocked:              40 kB
SwapTotal:       2097148 kB
SwapFree:          56396 kB
Dirty:               112 kB
Writeback:           508 kB
AnonPages:       7551740 kB
Mapped:            84200 kB
Shmem:             79764 kB
Slab:             108804 kB
SReclaimable:      44380 kB
SUnreclaim:        64424 kB
KernelStack:       14912 kB
PageTables:        65528 kB
NFS_Unstable:          0 kB
Bounce:                0 kB
WritebackTmp:          0 kB
CommitLimit:     6120452 kB
Committed_AS:   14499684 kB
VmallocTotal:   34359738367 kB
VmallocUsed:           0 kB
VmallocChunk:          0 kB
HardwareCorrupted:     0 kB
AnonHugePages:         0 kB
ShmemHugePages:        0 kB
ShmemPmdMapped:        0 kB
CmaTotal:              0 kB
CmaFree:               0 kB
HugePages_Total:       0
HugePages_Free:        0
HugePages_Rsvd:        0
HugePages_Surp:        0
Hugepagesize:       2048 kB
DirectMap4k:      242672 kB
DirectMap2M:     6975488 kB
DirectMap1G:     1048576 kB


CPU:total 4 (initial active 4) (2 cores per cpu, 2 threads per core) family 6 model 78 stepping 3, cmov, cx8, fxsr, mmx, sse, sse2, sse3, ssse3, sse4.1, sse4.2, popcnt, avx, avx2, aes, clmul, erms, rtm, 3dnowpref, lzcnt, ht, tsc, tscinvbit, bmi1, bmi2, adx

/proc/cpuinfo:
processor	: 0
vendor_id	: GenuineIntel
cpu family	: 6
model		: 78
model name	: Intel(R) Core(TM) i5-6300U CPU @ 2.40GHz
stepping	: 3
microcode	: 0xc6
cpu MHz		: 797.843
cache size	: 3072 KB
physical id	: 0
siblings	: 4
core id		: 0
cpu cores	: 2
apicid		: 0
initial apicid	: 0
fpu		: yes
fpu_exception	: yes
cpuid level	: 22
wp		: yes
flags		: fpu vme de pse tsc msr pae mce cx8 apic sep mtrr pge mca cmov pat pse36 clflush dts acpi mmx fxsr sse sse2 ss ht tm pbe syscall nx pdpe1gb rdtscp lm constant_tsc art arch_perfmon pebs bts rep_good nopl xtopology nonstop_tsc cpuid aperfmperf tsc_known_freq pni pclmulqdq dtes64 monitor ds_cpl vmx smx est tm2 ssse3 sdbg fma cx16 xtpr pdcm pcid sse4_1 sse4_2 x2apic movbe popcnt tsc_deadline_timer aes xsave avx f16c rdrand lahf_lm abm 3dnowprefetch cpuid_fault epb invpcid_single pti ssbd ibrs ibpb stibp tpr_shadow vnmi flexpriority ept vpid fsgsbase tsc_adjust bmi1 hle avx2 smep bmi2 erms invpcid rtm mpx rdseed adx smap clflushopt intel_pt xsaveopt xsavec xgetbv1 xsaves dtherm ida arat pln pts hwp hwp_notify hwp_act_window hwp_epp flush_l1d
bugs		: cpu_meltdown spectre_v1 spectre_v2 spec_store_bypass l1tf
bogomips	: 4992.00
clflush size	: 64
cache_alignment	: 64
address sizes	: 39 bits physical, 48 bits virtual
power management:

processor	: 1
vendor_id	: GenuineIntel
cpu family	: 6
model		: 78
model name	: Intel(R) Core(TM) i5-6300U CPU @ 2.40GHz
stepping	: 3
microcode	: 0xc6
cpu MHz		: 799.440
cache size	: 3072 KB
physical id	: 0
siblings	: 4
core id		: 1
cpu cores	: 2
apicid		: 2
initial apicid	: 2
fpu		: yes
fpu_exception	: yes
cpuid level	: 22
wp		: yes
flags		: fpu vme de pse tsc msr pae mce cx8 apic sep mtrr pge mca cmov pat pse36 clflush dts acpi mmx fxsr sse sse2 ss ht tm pbe syscall nx pdpe1gb rdtscp lm constant_tsc art arch_perfmon pebs bts rep_good nopl xtopology nonstop_tsc cpuid aperfmperf tsc_known_freq pni pclmulqdq dtes64 monitor ds_cpl vmx smx est tm2 ssse3 sdbg fma cx16 xtpr pdcm pcid sse4_1 sse4_2 x2apic movbe popcnt tsc_deadline_timer aes xsave avx f16c rdrand lahf_lm abm 3dnowprefetch cpuid_fault epb invpcid_single pti ssbd ibrs ibpb stibp tpr_shadow vnmi flexpriority ept vpid fsgsbase tsc_adjust bmi1 hle avx2 smep bmi2 erms invpcid rtm mpx rdseed adx smap clflushopt intel_pt xsaveopt xsavec xgetbv1 xsaves dtherm ida arat pln pts hwp hwp_notify hwp_act_window hwp_epp flush_l1d
bugs		: cpu_meltdown spectre_v1 spectre_v2 spec_store_bypass l1tf
bogomips	: 4992.00
clflush size	: 64
cache_alignment	: 64
address sizes	: 39 bits physical, 48 bits virtual
power management:

processor	: 2
vendor_id	: GenuineIntel
cpu family	: 6
model		: 78
model name	: Intel(R) Core(TM) i5-6300U CPU @ 2.40GHz
stepping	: 3
microcode	: 0xc6
cpu MHz		: 797.285
cache size	: 3072 KB
physical id	: 0
siblings	: 4
core id		: 0
cpu cores	: 2
apicid		: 1
initial apicid	: 1
fpu		: yes
fpu_exception	: yes
cpuid level	: 22
wp		: yes
flags		: fpu vme de pse tsc msr pae mce cx8 apic sep mtrr pge mca cmov pat pse36 clflush dts acpi mmx fxsr sse sse2 ss ht tm pbe syscall nx pdpe1gb rdtscp lm constant_tsc art arch_perfmon pebs bts rep_good nopl xtopology nonstop_tsc cpuid aperfmperf tsc_known_freq pni pclmulqdq dtes64 monitor ds_cpl vmx smx est tm2 ssse3 sdbg fma cx16 xtpr pdcm pcid sse4_1 sse4_2 x2apic movbe popcnt tsc_deadline_timer aes xsave avx f16c rdrand lahf_lm abm 3dnowprefetch cpuid_fault epb invpcid_single pti ssbd ibrs ibpb stibp tpr_shadow vnmi flexpriority ept vpid fsgsbase tsc_adjust bmi1 hle avx2 smep bmi2 erms invpcid rtm mpx rdseed adx smap clflushopt intel_pt xsaveopt xsavec xgetbv1 xsaves dtherm ida arat pln pts hwp hwp_notify hwp_act_window hwp_epp flush_l1d
bugs		: cpu_meltdown spectre_v1 spectre_v2 spec_store_bypass l1tf
bogomips	: 4992.00
clflush size	: 64
cache_alignment	: 64
address sizes	: 39 bits physical, 48 bits virtual
power management:

processor	: 3
vendor_id	: GenuineIntel
cpu family	: 6
model		: 78
model name	: Intel(R) Core(TM) i5-6300U CPU @ 2.40GHz
stepping	: 3
microcode	: 0xc6
cpu MHz		: 800.069
cache size	: 3072 KB
physical id	: 0
siblings	: 4
core id		: 1
cpu cores	: 2
apicid		: 3
initial apicid	: 3
fpu		: yes
fpu_exception	: yes
cpuid level	: 22
wp		: yes
flags		: fpu vme de pse tsc msr pae mce cx8 apic sep mtrr pge mca cmov pat pse36 clflush dts acpi mmx fxsr sse sse2 ss ht tm pbe syscall nx pdpe1gb rdtscp lm constant_tsc art arch_perfmon pebs bts rep_good nopl xtopology nonstop_tsc cpuid aperfmperf tsc_known_freq pni pclmulqdq dtes64 monitor ds_cpl vmx smx est tm2 ssse3 sdbg fma cx16 xtpr pdcm pcid sse4_1 sse4_2 x2apic movbe popcnt tsc_deadline_timer aes xsave avx f16c rdrand lahf_lm abm 3dnowprefetch cpuid_fault epb invpcid_single pti ssbd ibrs ibpb stibp tpr_shadow vnmi flexpriority ept vpid fsgsbase tsc_adjust bmi1 hle avx2 smep bmi2 erms invpcid rtm mpx rdseed adx smap clflushopt intel_pt xsaveopt xsavec xgetbv1 xsaves dtherm ida arat pln pts hwp hwp_notify hwp_act_window hwp_epp flush_l1d
bugs		: cpu_meltdown spectre_v1 spectre_v2 spec_store_bypass l1tf
bogomips	: 4992.00
clflush size	: 64
cache_alignment	: 64
address sizes	: 39 bits physical, 48 bits virtual
power management:



Memory: 4k page, physical 8046612k(108212k free), swap 2097148k(54864k free)

vm_info: OpenJDK 64-Bit Server VM (25.152-b01) for linux-amd64 JRE (1.8.0_152-release-1248-b01), built by "builder" with gcc 7.3.0

time: Thu Feb  7 16:14:51 2019
elapsed time: 928 seconds (0d 0h 15m 28s)

